# JRE version: OpenJDK Runtime Environment (21.0.6) (build 21.0.6+-13391695-b895.109)
# Java VM: OpenJDK 64-Bit Server VM (21.0.6+-13391695-b895.109, mixed mode, tiered, compressed oops, compressed class ptrs, g1 gc, windows-amd64)
GC Precious Log:
 CardTable entry size: 512
 Card Set container configuration: InlinePtr #cards 5 size 8 Array Of Cards #cards 12 size 40 Howl #buckets 4 coarsen threshold 1843 Howl Bitmap #cards 512 size 80 coarsen threshold 460 Card regions per heap region 1 cards per card region 2048
 CPUs: 12 total, 12 available
 Memory: 6005M
 Large Page Support: Disabled
 NUMA Support: Disabled
 Compressed Oops: Enabled (32-bit)
 Heap Region Size: 1M
 Heap Min Capacity: 8M
 Heap Initial Capacity: 94M
 Heap Max Capacity: 2G
 Pre-touch: Disabled
 Parallel Workers: 10
 Concurrent Workers: 3
 Concurrent Refinement Workers: 10
 Periodic GC: Disabled
Heap:
 garbage-first heap   total 128000K, used 108015K [0x0000000080000000, 0x0000000100000000)
  region size 1024K, 45 young (46080K), 6 survivors (6144K)
 Metaspace       used 53125K, committed 54656K, reserved 1114112K
  class space    used 7097K, committed 7872K, reserved 1048576K
GC Heap History (20 events):
Event: 4.640 GC heap before
{Heap before GC invocations=2 (full 0):
 garbage-first heap   total 96256K, used 55941K [0x0000000080000000, 0x0000000100000000)
  region size 1024K, 47 young (48128K), 5 survivors (5120K)
 Metaspace       used 12745K, committed 12992K, reserved 1114112K
  class space    used 1371K, committed 1472K, reserved 1048576K
}
Event: 4.652 GC heap after
{Heap after GC invocations=3 (full 0):
 garbage-first heap   total 96256K, used 16565K [0x0000000080000000, 0x0000000100000000)
  region size 1024K, 5 young (5120K), 5 survivors (5120K)
 Metaspace       used 12745K, committed 12992K, reserved 1114112K
  class space    used 1371K, committed 1472K, reserved 1048576K
}
Event: 16.634 GC heap before
{Heap before GC invocations=3 (full 0):
 garbage-first heap   total 96256K, used 43189K [0x0000000080000000, 0x0000000100000000)
  region size 1024K, 32 young (32768K), 5 survivors (5120K)
 Metaspace       used 21123K, committed 21504K, reserved 1114112K
  class space    used 2412K, committed 2624K, reserved 1048576K
}
Event: 16.642 GC heap after
{Heap after GC invocations=4 (full 0):
 garbage-first heap   total 96256K, used 20144K [0x0000000080000000, 0x0000000100000000)
  region size 1024K, 4 young (4096K), 4 survivors (4096K)
 Metaspace       used 21123K, committed 21504K, reserved 1114112K
  class space    used 2412K, committed 2624K, reserved 1048576K
}
Event: 18.339 GC heap before
{Heap before GC invocations=5 (full 0):
 garbage-first heap   total 68608K, used 67248K [0x0000000080000000, 0x0000000100000000)
  region size 1024K, 51 young (52224K), 4 survivors (4096K)
 Metaspace       used 29027K, committed 29632K, reserved 1114112K
  class space    used 3648K, committed 3904K, reserved 1048576K
}
Event: 18.346 GC heap after
{Heap after GC invocations=6 (full 0):
 garbage-first heap   total 75776K, used 22911K [0x0000000080000000, 0x0000000100000000)
  region size 1024K, 7 young (7168K), 7 survivors (7168K)
 Metaspace       used 29027K, committed 29632K, reserved 1114112K
  class space    used 3648K, committed 3904K, reserved 1048576K
}
Event: 19.593 GC heap before
{Heap before GC invocations=6 (full 0):
 garbage-first heap   total 75776K, used 58751K [0x0000000080000000, 0x0000000100000000)
  region size 1024K, 43 young (44032K), 7 survivors (7168K)
 Metaspace       used 33788K, committed 34688K, reserved 1114112K
  class space    used 4471K, committed 4928K, reserved 1048576K
}
Event: 19.600 GC heap after
{Heap after GC invocations=7 (full 0):
 garbage-first heap   total 75776K, used 25220K [0x0000000080000000, 0x0000000100000000)
  region size 1024K, 6 young (6144K), 6 survivors (6144K)
 Metaspace       used 33788K, committed 34688K, reserved 1114112K
  class space    used 4471K, committed 4928K, reserved 1048576K
}
Event: 21.342 GC heap before
{Heap before GC invocations=7 (full 0):
 garbage-first heap   total 75776K, used 33412K [0x0000000080000000, 0x0000000100000000)
  region size 1024K, 15 young (15360K), 6 survivors (6144K)
 Metaspace       used 35146K, committed 35968K, reserved 1114112K
  class space    used 4705K, committed 5120K, reserved 1048576K
}
Event: 21.346 GC heap after
{Heap after GC invocations=8 (full 0):
 garbage-first heap   total 75776K, used 26095K [0x0000000080000000, 0x0000000100000000)
  region size 1024K, 4 young (4096K), 4 survivors (4096K)
 Metaspace       used 35146K, committed 35968K, reserved 1114112K
  class space    used 4705K, committed 5120K, reserved 1048576K
}
Event: 24.888 GC heap before
{Heap before GC invocations=9 (full 0):
 garbage-first heap   total 75776K, used 74223K [0x0000000080000000, 0x0000000100000000)
  region size 1024K, 24 young (24576K), 4 survivors (4096K)
 Metaspace       used 36805K, committed 37760K, reserved 1114112K
  class space    used 4989K, committed 5440K, reserved 1048576K
}
Event: 24.894 GC heap after
{Heap after GC invocations=10 (full 0):
 garbage-first heap   total 84992K, used 60351K [0x0000000080000000, 0x0000000100000000)
  region size 1024K, 6 young (6144K), 6 survivors (6144K)
 Metaspace       used 36805K, committed 37760K, reserved 1114112K
  class space    used 4989K, committed 5440K, reserved 1048576K
}
Event: 25.446 GC heap before
{Heap before GC invocations=10 (full 0):
 garbage-first heap   total 84992K, used 73663K [0x0000000080000000, 0x0000000100000000)
  region size 1024K, 19 young (19456K), 6 survivors (6144K)
 Metaspace       used 38494K, committed 39424K, reserved 1114112K
  class space    used 5205K, committed 5696K, reserved 1048576K
}
Event: 25.450 GC heap after
{Heap after GC invocations=11 (full 0):
 garbage-first heap   total 84992K, used 62055K [0x0000000080000000, 0x0000000100000000)
  region size 1024K, 1 young (1024K), 1 survivors (1024K)
 Metaspace       used 38494K, committed 39424K, reserved 1114112K
  class space    used 5205K, committed 5696K, reserved 1048576K
}
Event: 26.327 GC heap before
{Heap before GC invocations=11 (full 0):
 garbage-first heap   total 84992K, used 77415K [0x0000000080000000, 0x0000000100000000)
  region size 1024K, 16 young (16384K), 1 survivors (1024K)
 Metaspace       used 40885K, committed 41920K, reserved 1114112K
  class space    used 5601K, committed 6080K, reserved 1048576K
}
Event: 26.330 GC heap after
{Heap after GC invocations=12 (full 0):
 garbage-first heap   total 84992K, used 63015K [0x0000000080000000, 0x0000000100000000)
  region size 1024K, 2 young (2048K), 2 survivors (2048K)
 Metaspace       used 40885K, committed 41920K, reserved 1114112K
  class space    used 5601K, committed 6080K, reserved 1048576K
}
Event: 27.107 GC heap before
{Heap before GC invocations=13 (full 0):
 garbage-first heap   total 106496K, used 75303K [0x0000000080000000, 0x0000000100000000)
  region size 1024K, 15 young (15360K), 2 survivors (2048K)
 Metaspace       used 44601K, committed 45632K, reserved 1114112K
  class space    used 5957K, committed 6464K, reserved 1048576K
}
Event: 27.112 GC heap after
{Heap after GC invocations=14 (full 0):
 garbage-first heap   total 128000K, used 64763K [0x0000000080000000, 0x0000000100000000)
  region size 1024K, 2 young (2048K), 2 survivors (2048K)
 Metaspace       used 44601K, committed 45632K, reserved 1114112K
  class space    used 5957K, committed 6464K, reserved 1048576K
}
Event: 28.360 GC heap before
{Heap before GC invocations=14 (full 0):
 garbage-first heap   total 128000K, used 114939K [0x0000000080000000, 0x0000000100000000)
  region size 1024K, 47 young (48128K), 2 survivors (2048K)
 Metaspace       used 48573K, committed 49728K, reserved 1114112K
  class space    used 6337K, committed 6912K, reserved 1048576K
}
Event: 28.366 GC heap after
{Heap after GC invocations=15 (full 0):
 garbage-first heap   total 128000K, used 69103K [0x0000000080000000, 0x0000000100000000)
  region size 1024K, 6 young (6144K), 6 survivors (6144K)
 Metaspace       used 48573K, committed 49728K, reserved 1114112K
  class space    used 6337K, committed 6912K, reserved 1048576K
}

