# JRE version: OpenJDK Runtime Environment (21.0.6) (build 21.0.6+-13391695-b895.109)
# Java VM: OpenJDK 64-Bit Server VM (21.0.6+-13391695-b895.109, mixed mode, tiered, compressed oops, compressed class ptrs, g1 gc, windows-amd64)
GC Precious Log:
 CardTable entry size: 512
 Card Set container configuration: InlinePtr #cards 5 size 8 Array Of Cards #cards 12 size 40 Howl #buckets 4 coarsen threshold 1843 Howl Bitmap #cards 512 size 80 coarsen threshold 460 Card regions per heap region 1 cards per card region 2048
 CPUs: 12 total, 12 available
 Memory: 6005M
 Large Page Support: Disabled
 NUMA Support: Disabled
 Compressed Oops: Enabled (32-bit)
 Heap Region Size: 1M
 Heap Min Capacity: 8M
 Heap Initial Capacity: 94M
 Heap Max Capacity: 2G
 Pre-touch: Disabled
 Parallel Workers: 10
 Concurrent Workers: 3
 Concurrent Refinement Workers: 10
 Periodic GC: Disabled
Heap:
 garbage-first heap   total 299008K, used 184293K [0x0000000080000000, 0x0000000100000000)
  region size 1024K, 3 young (3072K), 3 survivors (3072K)
 Metaspace       used 121177K, committed 123392K, reserved 1179648K
  class space    used 16335K, committed 17472K, reserved 1048576K
GC Heap History (20 events):
Event: 47.108 GC heap after
{Heap after GC invocations=44 (full 0):
 garbage-first heap   total 174080K, used 119767K [0x0000000080000000, 0x0000000100000000)
  region size 1024K, 4 young (4096K), 4 survivors (4096K)
 Metaspace       used 117835K, committed 120000K, reserved 1179648K
  class space    used 15845K, committed 16960K, reserved 1048576K
}
Event: 47.782 GC heap before
{Heap before GC invocations=45 (full 0):
 garbage-first heap   total 199680K, used 158679K [0x0000000080000000, 0x0000000100000000)
  region size 1024K, 42 young (43008K), 4 survivors (4096K)
 Metaspace       used 118176K, committed 120384K, reserved 1179648K
  class space    used 15918K, committed 17024K, reserved 1048576K
}
Event: 47.788 GC heap after
{Heap after GC invocations=46 (full 0):
 garbage-first heap   total 199680K, used 121841K [0x0000000080000000, 0x0000000100000000)
  region size 1024K, 4 young (4096K), 4 survivors (4096K)
 Metaspace       used 118176K, committed 120384K, reserved 1179648K
  class space    used 15918K, committed 17024K, reserved 1048576K
}
Event: 49.573 GC heap before
{Heap before GC invocations=46 (full 0):
 garbage-first heap   total 199680K, used 183281K [0x0000000080000000, 0x0000000100000000)
  region size 1024K, 64 young (65536K), 4 survivors (4096K)
 Metaspace       used 118389K, committed 120640K, reserved 1179648K
  class space    used 15945K, committed 17088K, reserved 1048576K
}
Event: 49.579 GC heap after
{Heap after GC invocations=47 (full 0):
 garbage-first heap   total 199680K, used 123748K [0x0000000080000000, 0x0000000100000000)
  region size 1024K, 6 young (6144K), 6 survivors (6144K)
 Metaspace       used 118389K, committed 120640K, reserved 1179648K
  class space    used 15945K, committed 17088K, reserved 1048576K
}
Event: 50.023 GC heap before
{Heap before GC invocations=47 (full 0):
 garbage-first heap   total 199680K, used 181092K [0x0000000080000000, 0x0000000100000000)
  region size 1024K, 63 young (64512K), 6 survivors (6144K)
 Metaspace       used 118514K, committed 120768K, reserved 1179648K
  class space    used 15963K, committed 17152K, reserved 1048576K
}
Event: 50.029 GC heap after
{Heap after GC invocations=48 (full 0):
 garbage-first heap   total 199680K, used 126693K [0x0000000080000000, 0x0000000100000000)
  region size 1024K, 7 young (7168K), 7 survivors (7168K)
 Metaspace       used 118514K, committed 120768K, reserved 1179648K
  class space    used 15963K, committed 17152K, reserved 1048576K
}
Event: 51.091 GC heap before
{Heap before GC invocations=49 (full 0):
 garbage-first heap   total 214016K, used 178917K [0x0000000080000000, 0x0000000100000000)
  region size 1024K, 59 young (60416K), 7 survivors (7168K)
 Metaspace       used 119302K, committed 121536K, reserved 1179648K
  class space    used 16066K, committed 17216K, reserved 1048576K
}
Event: 51.099 GC heap after
{Heap after GC invocations=50 (full 0):
 garbage-first heap   total 214016K, used 131071K [0x0000000080000000, 0x0000000100000000)
  region size 1024K, 8 young (8192K), 8 survivors (8192K)
 Metaspace       used 119302K, committed 121536K, reserved 1179648K
  class space    used 16066K, committed 17216K, reserved 1048576K
}
Event: 51.651 GC heap before
{Heap before GC invocations=50 (full 0):
 garbage-first heap   total 214016K, used 193535K [0x0000000080000000, 0x0000000100000000)
  region size 1024K, 70 young (71680K), 8 survivors (8192K)
 Metaspace       used 119922K, committed 122176K, reserved 1179648K
  class space    used 16147K, committed 17280K, reserved 1048576K
}
Event: 51.657 GC heap after
{Heap after GC invocations=51 (full 0):
 garbage-first heap   total 214016K, used 133926K [0x0000000080000000, 0x0000000100000000)
  region size 1024K, 5 young (5120K), 5 survivors (5120K)
 Metaspace       used 119922K, committed 122176K, reserved 1179648K
  class space    used 16147K, committed 17280K, reserved 1048576K
}
Event: 52.137 GC heap before
{Heap before GC invocations=51 (full 0):
 garbage-first heap   total 214016K, used 197414K [0x0000000080000000, 0x0000000100000000)
  region size 1024K, 66 young (67584K), 5 survivors (5120K)
 Metaspace       used 120752K, committed 123008K, reserved 1179648K
  class space    used 16279K, committed 17408K, reserved 1048576K
}
Event: 52.154 GC heap after
{Heap after GC invocations=52 (full 0):
 garbage-first heap   total 220160K, used 148713K [0x0000000080000000, 0x0000000100000000)
  region size 1024K, 9 young (9216K), 9 survivors (9216K)
 Metaspace       used 120752K, committed 123008K, reserved 1179648K
  class space    used 16279K, committed 17408K, reserved 1048576K
}
Event: 52.196 GC heap before
{Heap before GC invocations=52 (full 0):
 garbage-first heap   total 220160K, used 196841K [0x0000000080000000, 0x0000000100000000)
  region size 1024K, 57 young (58368K), 9 survivors (9216K)
 Metaspace       used 120881K, committed 123136K, reserved 1179648K
  class space    used 16302K, committed 17472K, reserved 1048576K
}
Event: 52.202 GC heap after
{Heap after GC invocations=53 (full 0):
 garbage-first heap   total 220160K, used 159922K [0x0000000080000000, 0x0000000100000000)
  region size 1024K, 8 young (8192K), 8 survivors (8192K)
 Metaspace       used 120881K, committed 123136K, reserved 1179648K
  class space    used 16302K, committed 17472K, reserved 1048576K
}
Event: 52.246 GC heap before
{Heap before GC invocations=53 (full 0):
 garbage-first heap   total 220160K, used 197810K [0x0000000080000000, 0x0000000100000000)
  region size 1024K, 46 young (47104K), 8 survivors (8192K)
 Metaspace       used 121011K, committed 123264K, reserved 1179648K
  class space    used 16314K, committed 17472K, reserved 1048576K
}
Event: 52.250 GC heap after
{Heap after GC invocations=54 (full 0):
 garbage-first heap   total 220160K, used 169722K [0x0000000080000000, 0x0000000100000000)
  region size 1024K, 6 young (6144K), 6 survivors (6144K)
 Metaspace       used 121011K, committed 123264K, reserved 1179648K
  class space    used 16314K, committed 17472K, reserved 1048576K
}
Event: 52.294 GC heap before
{Heap before GC invocations=54 (full 0):
 garbage-first heap   total 220160K, used 200442K [0x0000000080000000, 0x0000000100000000)
  region size 1024K, 37 young (37888K), 6 survivors (6144K)
 Metaspace       used 121118K, committed 123392K, reserved 1179648K
  class space    used 16327K, committed 17472K, reserved 1048576K
}
Event: 52.298 GC heap after
{Heap after GC invocations=55 (full 0):
 garbage-first heap   total 220160K, used 178370K [0x0000000080000000, 0x0000000100000000)
  region size 1024K, 5 young (5120K), 5 survivors (5120K)
 Metaspace       used 121118K, committed 123392K, reserved 1179648K
  class space    used 16327K, committed 17472K, reserved 1048576K
}
Event: 52.370 GC heap before
{Heap before GC invocations=55 (full 0):
 garbage-first heap   total 299008K, used 196802K [0x0000000080000000, 0x0000000100000000)
  region size 1024K, 24 young (24576K), 5 survivors (5120K)
 Metaspace       used 121177K, committed 123392K, reserved 1179648K
  class space    used 16335K, committed 17472K, reserved 1048576K
}

