# JRE version: OpenJDK Runtime Environment (21.0.6) (build 21.0.6+-13391695-b895.109)
# Java VM: OpenJDK 64-Bit Server VM (21.0.6+-13391695-b895.109, mixed mode, tiered, compressed oops, compressed class ptrs, g1 gc, windows-amd64)
GC Precious Log:
 CardTable entry size: 512
 Card Set container configuration: InlinePtr #cards 5 size 8 Array Of Cards #cards 12 size 40 Howl #buckets 4 coarsen threshold 1843 Howl Bitmap #cards 512 size 80 coarsen threshold 460 Card regions per heap region 1 cards per card region 2048
 CPUs: 12 total, 12 available
 Memory: 6005M
 Large Page Support: Disabled
 NUMA Support: Disabled
 Compressed Oops: Enabled (32-bit)
 Heap Region Size: 1M
 Heap Min Capacity: 8M
 Heap Initial Capacity: 94M
 Heap Max Capacity: 2G
 Pre-touch: Disabled
 Parallel Workers: 10
 Concurrent Workers: 3
 Concurrent Refinement Workers: 10
 Periodic GC: Disabled
Heap:
 garbage-first heap   total 343040K, used 251904K [0x0000000080000000, 0x0000000100000000)
  region size 1024K, 10 young (10240K), 10 survivors (10240K)
 Metaspace       used 125331K, committed 127616K, reserved 1179648K
  class space    used 16975K, committed 18112K, reserved 1048576K
GC Heap History (20 events):
Event: 50.483 GC heap after
{Heap after GC invocations=46 (full 0):
 garbage-first heap   total 199680K, used 127355K [0x0000000080000000, 0x0000000100000000)
  region size 1024K, 7 young (7168K), 7 survivors (7168K)
 Metaspace       used 118710K, committed 120896K, reserved 1179648K
  class space    used 15972K, committed 17088K, reserved 1048576K
}
Event: 50.930 GC heap before
{Heap before GC invocations=47 (full 0):
 garbage-first heap   total 214016K, used 179579K [0x0000000080000000, 0x0000000100000000)
  region size 1024K, 59 young (60416K), 7 survivors (7168K)
 Metaspace       used 119345K, committed 121600K, reserved 1179648K
  class space    used 16064K, committed 17216K, reserved 1048576K
}
Event: 50.939 GC heap after
{Heap after GC invocations=48 (full 0):
 garbage-first heap   total 214016K, used 131706K [0x0000000080000000, 0x0000000100000000)
  region size 1024K, 6 young (6144K), 6 survivors (6144K)
 Metaspace       used 119345K, committed 121600K, reserved 1179648K
  class space    used 16064K, committed 17216K, reserved 1048576K
}
Event: 51.302 GC heap before
{Heap before GC invocations=48 (full 0):
 garbage-first heap   total 214016K, used 194170K [0x0000000080000000, 0x0000000100000000)
  region size 1024K, 66 young (67584K), 6 survivors (6144K)
 Metaspace       used 120139K, committed 122432K, reserved 1179648K
  class space    used 16175K, committed 17344K, reserved 1048576K
}
Event: 51.311 GC heap after
{Heap after GC invocations=49 (full 0):
 garbage-first heap   total 214016K, used 138788K [0x0000000080000000, 0x0000000100000000)
  region size 1024K, 7 young (7168K), 7 survivors (7168K)
 Metaspace       used 120139K, committed 122432K, reserved 1179648K
  class space    used 16175K, committed 17344K, reserved 1048576K
}
Event: 51.489 GC heap before
{Heap before GC invocations=49 (full 0):
 garbage-first heap   total 214016K, used 194084K [0x0000000080000000, 0x0000000100000000)
  region size 1024K, 62 young (63488K), 7 survivors (7168K)
 Metaspace       used 120686K, committed 122944K, reserved 1179648K
  class space    used 16253K, committed 17408K, reserved 1048576K
}
Event: 51.497 GC heap after
{Heap after GC invocations=50 (full 0):
 garbage-first heap   total 215040K, used 151438K [0x0000000080000000, 0x0000000100000000)
  region size 1024K, 8 young (8192K), 8 survivors (8192K)
 Metaspace       used 120686K, committed 122944K, reserved 1179648K
  class space    used 16253K, committed 17408K, reserved 1048576K
}
Event: 51.569 GC heap before
{Heap before GC invocations=50 (full 0):
 garbage-first heap   total 215040K, used 194446K [0x0000000080000000, 0x0000000100000000)
  region size 1024K, 51 young (52224K), 8 survivors (8192K)
 Metaspace       used 120795K, committed 123008K, reserved 1179648K
  class space    used 16276K, committed 17408K, reserved 1048576K
}
Event: 51.574 GC heap after
{Heap after GC invocations=51 (full 0):
 garbage-first heap   total 258048K, used 161094K [0x0000000080000000, 0x0000000100000000)
  region size 1024K, 7 young (7168K), 7 survivors (7168K)
 Metaspace       used 120795K, committed 123008K, reserved 1179648K
  class space    used 16276K, committed 17408K, reserved 1048576K
}
Event: 51.715 GC heap before
{Heap before GC invocations=52 (full 0):
 garbage-first heap   total 270336K, used 226630K [0x0000000080000000, 0x0000000100000000)
  region size 1024K, 72 young (73728K), 7 survivors (7168K)
 Metaspace       used 121163K, committed 123392K, reserved 1179648K
  class space    used 16314K, committed 17472K, reserved 1048576K
}
Event: 51.720 GC heap after
{Heap after GC invocations=53 (full 0):
 garbage-first heap   total 270336K, used 176310K [0x0000000080000000, 0x0000000100000000)
  region size 1024K, 9 young (9216K), 9 survivors (9216K)
 Metaspace       used 121163K, committed 123392K, reserved 1179648K
  class space    used 16314K, committed 17472K, reserved 1048576K
}
Event: 51.885 GC heap before
{Heap before GC invocations=53 (full 0):
 garbage-first heap   total 270336K, used 237750K [0x0000000080000000, 0x0000000100000000)
  region size 1024K, 70 young (71680K), 9 survivors (9216K)
 Metaspace       used 121701K, committed 123968K, reserved 1179648K
  class space    used 16393K, committed 17536K, reserved 1048576K
}
Event: 51.892 GC heap after
{Heap after GC invocations=54 (full 0):
 garbage-first heap   total 270336K, used 191120K [0x0000000080000000, 0x0000000100000000)
  region size 1024K, 9 young (9216K), 9 survivors (9216K)
 Metaspace       used 121701K, committed 123968K, reserved 1179648K
  class space    used 16393K, committed 17536K, reserved 1048576K
}
Event: 52.081 GC heap before
{Heap before GC invocations=54 (full 0):
 garbage-first heap   total 270336K, used 242320K [0x0000000080000000, 0x0000000100000000)
  region size 1024K, 59 young (60416K), 9 survivors (9216K)
 Metaspace       used 122280K, committed 124480K, reserved 1179648K
  class space    used 16480K, committed 17600K, reserved 1048576K
}
Event: 52.087 GC heap after
{Heap after GC invocations=55 (full 0):
 garbage-first heap   total 270336K, used 205610K [0x0000000080000000, 0x0000000100000000)
  region size 1024K, 8 young (8192K), 8 survivors (8192K)
 Metaspace       used 122280K, committed 124480K, reserved 1179648K
  class space    used 16480K, committed 17600K, reserved 1048576K
}
Event: 52.240 GC heap before
{Heap before GC invocations=55 (full 0):
 garbage-first heap   total 343040K, used 242474K [0x0000000080000000, 0x0000000100000000)
  region size 1024K, 45 young (46080K), 8 survivors (8192K)
 Metaspace       used 122736K, committed 124928K, reserved 1179648K
  class space    used 16549K, committed 17664K, reserved 1048576K
}
Event: 52.246 GC heap after
{Heap after GC invocations=56 (full 0):
 garbage-first heap   total 343040K, used 215888K [0x0000000080000000, 0x0000000100000000)
  region size 1024K, 6 young (6144K), 6 survivors (6144K)
 Metaspace       used 122736K, committed 124928K, reserved 1179648K
  class space    used 16549K, committed 17664K, reserved 1048576K
}
Event: 52.504 GC heap before
{Heap before GC invocations=57 (full 0):
 garbage-first heap   total 343040K, used 297808K [0x0000000080000000, 0x0000000100000000)
  region size 1024K, 86 young (88064K), 6 survivors (6144K)
 Metaspace       used 124218K, committed 126528K, reserved 1179648K
  class space    used 16836K, committed 17984K, reserved 1048576K
}
Event: 52.511 GC heap after
{Heap after GC invocations=58 (full 0):
 garbage-first heap   total 343040K, used 236455K [0x0000000080000000, 0x0000000100000000)
  region size 1024K, 11 young (11264K), 11 survivors (11264K)
 Metaspace       used 124218K, committed 126528K, reserved 1179648K
  class space    used 16836K, committed 17984K, reserved 1048576K
}
Event: 52.743 GC heap before
{Heap before GC invocations=58 (full 0):
 garbage-first heap   total 343040K, used 304039K [0x0000000080000000, 0x0000000100000000)
  region size 1024K, 77 young (78848K), 11 survivors (11264K)
 Metaspace       used 125331K, committed 127616K, reserved 1179648K
  class space    used 16975K, committed 18112K, reserved 1048576K
}

