# JRE version: OpenJDK Runtime Environment (21.0.6) (build 21.0.6+-13391695-b895.109)
# Java VM: OpenJDK 64-Bit Server VM (21.0.6+-13391695-b895.109, mixed mode, tiered, compressed oops, compressed class ptrs, g1 gc, windows-amd64)
GC Precious Log:
 CardTable entry size: 512
 Card Set container configuration: InlinePtr #cards 5 size 8 Array Of Cards #cards 12 size 40 Howl #buckets 4 coarsen threshold 1843 Howl Bitmap #cards 512 size 80 coarsen threshold 460 Card regions per heap region 1 cards per card region 2048
 CPUs: 12 total, 12 available
 Memory: 6005M
 Large Page Support: Disabled
 NUMA Support: Disabled
 Compressed Oops: Enabled (32-bit)
 Heap Region Size: 1M
 Heap Min Capacity: 8M
 Heap Initial Capacity: 94M
 Heap Max Capacity: 2G
 Pre-touch: Disabled
 Parallel Workers: 10
 Concurrent Workers: 3
 Concurrent Refinement Workers: 10
 Periodic GC: Disabled
Heap:
 garbage-first heap   total 215040K, used 172516K [0x0000000080000000, 0x0000000100000000)
  region size 1024K, 53 young (54272K), 7 survivors (7168K)
 Metaspace       used 120103K, committed 122368K, reserved 1179648K
  class space    used 16174K, committed 17344K, reserved 1048576K
GC Heap History (20 events):
Event: 45.405 GC heap before
{Heap before GC invocations=44 (full 0):
 garbage-first heap   total 157696K, used 140198K [0x0000000080000000, 0x0000000100000000)
  region size 1024K, 50 young (51200K), 7 survivors (7168K)
 Metaspace       used 106862K, committed 108928K, reserved 1179648K
  class space    used 14494K, committed 15552K, reserved 1048576K
}
Event: 45.413 GC heap after
{Heap after GC invocations=45 (full 0):
 garbage-first heap   total 157696K, used 98488K [0x0000000080000000, 0x0000000100000000)
  region size 1024K, 6 young (6144K), 6 survivors (6144K)
 Metaspace       used 106862K, committed 108928K, reserved 1179648K
  class space    used 14494K, committed 15552K, reserved 1048576K
}
Event: 46.856 GC heap before
{Heap before GC invocations=46 (full 0):
 garbage-first heap   total 165888K, used 141496K [0x0000000080000000, 0x0000000100000000)
  region size 1024K, 48 young (49152K), 6 survivors (6144K)
 Metaspace       used 111034K, committed 113216K, reserved 1179648K
  class space    used 15100K, committed 16192K, reserved 1048576K
}
Event: 46.862 GC heap after
{Heap after GC invocations=47 (full 0):
 garbage-first heap   total 165888K, used 100481K [0x0000000080000000, 0x0000000100000000)
  region size 1024K, 5 young (5120K), 5 survivors (5120K)
 Metaspace       used 111034K, committed 113216K, reserved 1179648K
  class space    used 15100K, committed 16192K, reserved 1048576K
}
Event: 47.916 GC heap before
{Heap before GC invocations=47 (full 0):
 garbage-first heap   total 165888K, used 149633K [0x0000000080000000, 0x0000000100000000)
  region size 1024K, 54 young (55296K), 5 survivors (5120K)
 Metaspace       used 113995K, committed 116224K, reserved 1179648K
  class space    used 15446K, committed 16576K, reserved 1048576K
}
Event: 47.924 GC heap after
{Heap after GC invocations=48 (full 0):
 garbage-first heap   total 165888K, used 105708K [0x0000000080000000, 0x0000000100000000)
  region size 1024K, 7 young (7168K), 7 survivors (7168K)
 Metaspace       used 113995K, committed 116224K, reserved 1179648K
  class space    used 15446K, committed 16576K, reserved 1048576K
}
Event: 48.103 GC heap before
{Heap before GC invocations=48 (full 0):
 garbage-first heap   total 165888K, used 110828K [0x0000000080000000, 0x0000000100000000)
  region size 1024K, 14 young (14336K), 7 survivors (7168K)
 Metaspace       used 114375K, committed 116544K, reserved 1179648K
  class space    used 15480K, committed 16576K, reserved 1048576K
}
Event: 48.109 GC heap after
{Heap after GC invocations=49 (full 0):
 garbage-first heap   total 165888K, used 107775K [0x0000000080000000, 0x0000000100000000)
  region size 1024K, 3 young (3072K), 3 survivors (3072K)
 Metaspace       used 114375K, committed 116544K, reserved 1179648K
  class space    used 15480K, committed 16576K, reserved 1048576K
}
Event: 49.869 GC heap before
{Heap before GC invocations=50 (full 0):
 garbage-first heap   total 189440K, used 146687K [0x0000000080000000, 0x0000000100000000)
  region size 1024K, 36 young (36864K), 3 survivors (3072K)
 Metaspace       used 117540K, committed 119744K, reserved 1179648K
  class space    used 15831K, committed 16960K, reserved 1048576K
}
Event: 49.875 GC heap after
{Heap after GC invocations=51 (full 0):
 garbage-first heap   total 189440K, used 111616K [0x0000000080000000, 0x0000000100000000)
  region size 1024K, 5 young (5120K), 5 survivors (5120K)
 Metaspace       used 117540K, committed 119744K, reserved 1179648K
  class space    used 15831K, committed 16960K, reserved 1048576K
}
Event: 51.313 GC heap before
{Heap before GC invocations=51 (full 0):
 garbage-first heap   total 189440K, used 158720K [0x0000000080000000, 0x0000000100000000)
  region size 1024K, 52 young (53248K), 5 survivors (5120K)
 Metaspace       used 117787K, committed 120000K, reserved 1179648K
  class space    used 15842K, committed 16960K, reserved 1048576K
}
Event: 51.326 GC heap after
{Heap after GC invocations=52 (full 0):
 garbage-first heap   total 189440K, used 117174K [0x0000000080000000, 0x0000000100000000)
  region size 1024K, 6 young (6144K), 6 survivors (6144K)
 Metaspace       used 117787K, committed 120000K, reserved 1179648K
  class space    used 15842K, committed 16960K, reserved 1048576K
}
Event: 52.376 GC heap before
{Heap before GC invocations=52 (full 0):
 garbage-first heap   total 189440K, used 162230K [0x0000000080000000, 0x0000000100000000)
  region size 1024K, 51 young (52224K), 6 survivors (6144K)
 Metaspace       used 118052K, committed 120256K, reserved 1179648K
  class space    used 15892K, committed 17024K, reserved 1048576K
}
Event: 52.383 GC heap after
{Heap after GC invocations=53 (full 0):
 garbage-first heap   total 189440K, used 119583K [0x0000000080000000, 0x0000000100000000)
  region size 1024K, 3 young (3072K), 3 survivors (3072K)
 Metaspace       used 118052K, committed 120256K, reserved 1179648K
  class space    used 15892K, committed 17024K, reserved 1048576K
}
Event: 54.755 GC heap before
{Heap before GC invocations=54 (full 0):
 garbage-first heap   total 201728K, used 167711K [0x0000000080000000, 0x0000000100000000)
  region size 1024K, 49 young (50176K), 3 survivors (3072K)
 Metaspace       used 118354K, committed 120640K, reserved 1179648K
  class space    used 15943K, committed 17088K, reserved 1048576K
}
Event: 54.760 GC heap after
{Heap after GC invocations=55 (full 0):
 garbage-first heap   total 201728K, used 122160K [0x0000000080000000, 0x0000000100000000)
  region size 1024K, 5 young (5120K), 5 survivors (5120K)
 Metaspace       used 118354K, committed 120640K, reserved 1179648K
  class space    used 15943K, committed 17088K, reserved 1048576K
}
Event: 55.909 GC heap before
{Heap before GC invocations=55 (full 0):
 garbage-first heap   total 201728K, used 177456K [0x0000000080000000, 0x0000000100000000)
  region size 1024K, 60 young (61440K), 5 survivors (5120K)
 Metaspace       used 118498K, committed 120768K, reserved 1179648K
  class space    used 15963K, committed 17088K, reserved 1048576K
}
Event: 55.917 GC heap after
{Heap after GC invocations=56 (full 0):
 garbage-first heap   total 201728K, used 123406K [0x0000000080000000, 0x0000000100000000)
  region size 1024K, 5 young (5120K), 5 survivors (5120K)
 Metaspace       used 118498K, committed 120768K, reserved 1179648K
  class space    used 15963K, committed 17088K, reserved 1048576K
}
Event: 57.127 GC heap before
{Heap before GC invocations=56 (full 0):
 garbage-first heap   total 201728K, used 182798K [0x0000000080000000, 0x0000000100000000)
  region size 1024K, 64 young (65536K), 5 survivors (5120K)
 Metaspace       used 119159K, committed 121344K, reserved 1179648K
  class space    used 16046K, committed 17152K, reserved 1048576K
}
Event: 57.134 GC heap after
{Heap after GC invocations=57 (full 0):
 garbage-first heap   total 201728K, used 127460K [0x0000000080000000, 0x0000000100000000)
  region size 1024K, 7 young (7168K), 7 survivors (7168K)
 Metaspace       used 119159K, committed 121344K, reserved 1179648K
  class space    used 16046K, committed 17152K, reserved 1048576K
}

