# JRE version: Java(TM) SE Runtime Environment (23.0.2+7) (build 23.0.2+7-58)
# Java VM: Java HotSpot(TM) 64-Bit Server VM (23.0.2+7-58, mixed mode, sharing, tiered, compressed oops, compressed class ptrs, g1 gc, windows-amd64)
GC Precious Log:
 CardTable entry size: 512
 Card Set container configuration: InlinePtr #cards 5 size 8 Array Of Cards #cards 10 size 36 Howl #buckets 4 coarsen threshold 1843 Howl Bitmap #cards 512 size 80 coarsen threshold 460 Card regions per heap region 1 cards per card region 2048
 CPUs: 12 total, 12 available
 Memory: 6005M
 Large Page Support: Disabled
 NUMA Support: Disabled
 Compressed Oops: Enabled (32-bit)
 Heap Region Size: 1M
 Heap Min Capacity: 8M
 Heap Initial Capacity: 94M
 Heap Max Capacity: 2G
 Pre-touch: Disabled
 Parallel Workers: 10
 Concurrent Workers: 3
 Concurrent Refinement Workers: 10
 Periodic GC: Disabled
Heap:
 garbage-first heap   total reserved 2097152K, committed 223232K, used 192032K [0x0000000080000000, 0x0000000100000000)
  region size 1024K, 63 young (64512K), 8 survivors (8192K)
 Metaspace       used 100441K, committed 102720K, reserved 1179648K
  class space    used 14499K, committed 15552K, reserved 1048576K
GC Heap History (20 events):
Event: 35.303 GC heap after
{Heap after GC invocations=43 (full 0):
 garbage-first heap   total reserved 2097152K, committed 165888K, used 100004K [0x0000000080000000, 0x0000000100000000)
  region size 1024K, 4 young (4096K), 4 survivors (4096K)
 Metaspace       used 86686K, committed 88832K, reserved 1179648K
  class space    used 12657K, committed 13696K, reserved 1048576K
}
Event: 36.323 GC heap before
{Heap before GC invocations=43 (full 0):
 garbage-first heap   total reserved 2097152K, committed 165888K, used 152228K [0x0000000080000000, 0x0000000100000000)
  region size 1024K, 55 young (56320K), 4 survivors (4096K)
 Metaspace       used 90790K, committed 93056K, reserved 1179648K
  class space    used 13266K, committed 14336K, reserved 1048576K
}
Event: 36.329 GC heap after
{Heap after GC invocations=44 (full 0):
 garbage-first heap   total reserved 2097152K, committed 165888K, used 101082K [0x0000000080000000, 0x0000000100000000)
  region size 1024K, 7 young (7168K), 7 survivors (7168K)
 Metaspace       used 90790K, committed 93056K, reserved 1179648K
  class space    used 13266K, committed 14336K, reserved 1048576K
}
Event: 37.265 GC heap before
{Heap before GC invocations=44 (full 0):
 garbage-first heap   total reserved 2097152K, committed 165888K, used 148186K [0x0000000080000000, 0x0000000100000000)
  region size 1024K, 53 young (54272K), 7 survivors (7168K)
 Metaspace       used 93672K, committed 95936K, reserved 1179648K
  class space    used 13684K, committed 14784K, reserved 1048576K
}
Event: 37.273 GC heap after
{Heap after GC invocations=45 (full 0):
 garbage-first heap   total reserved 2097152K, committed 165888K, used 104330K [0x0000000080000000, 0x0000000100000000)
  region size 1024K, 6 young (6144K), 6 survivors (6144K)
 Metaspace       used 93672K, committed 95936K, reserved 1179648K
  class space    used 13684K, committed 14784K, reserved 1048576K
}
Event: 45.495 GC heap before
{Heap before GC invocations=46 (full 0):
 garbage-first heap   total reserved 2097152K, committed 174080K, used 149386K [0x0000000080000000, 0x0000000100000000)
  region size 1024K, 51 young (52224K), 6 survivors (6144K)
 Metaspace       used 96390K, committed 98688K, reserved 1179648K
  class space    used 14145K, committed 15232K, reserved 1048576K
}
Event: 45.505 GC heap after
{Heap after GC invocations=47 (full 0):
 garbage-first heap   total reserved 2097152K, committed 174080K, used 109246K [0x0000000080000000, 0x0000000100000000)
  region size 1024K, 7 young (7168K), 7 survivors (7168K)
 Metaspace       used 96390K, committed 98688K, reserved 1179648K
  class space    used 14145K, committed 15232K, reserved 1048576K
}
Event: 46.714 GC heap before
{Heap before GC invocations=47 (full 0):
 garbage-first heap   total reserved 2097152K, committed 174080K, used 157374K [0x0000000080000000, 0x0000000100000000)
  region size 1024K, 54 young (55296K), 7 survivors (7168K)
 Metaspace       used 96690K, committed 99008K, reserved 1179648K
  class space    used 14155K, committed 15296K, reserved 1048576K
}
Event: 46.725 GC heap after
{Heap after GC invocations=48 (full 0):
 garbage-first heap   total reserved 2097152K, committed 175104K, used 115741K [0x0000000080000000, 0x0000000100000000)
  region size 1024K, 7 young (7168K), 7 survivors (7168K)
 Metaspace       used 96690K, committed 99008K, reserved 1179648K
  class space    used 14155K, committed 15296K, reserved 1048576K
}
Event: 47.308 GC heap before
{Heap before GC invocations=48 (full 0):
 garbage-first heap   total reserved 2097152K, committed 175104K, used 155677K [0x0000000080000000, 0x0000000100000000)
  region size 1024K, 47 young (48128K), 7 survivors (7168K)
 Metaspace       used 96698K, committed 99008K, reserved 1179648K
  class space    used 14155K, committed 15296K, reserved 1048576K
}
Event: 47.314 GC heap after
{Heap after GC invocations=49 (full 0):
 garbage-first heap   total reserved 2097152K, committed 175104K, used 116991K [0x0000000080000000, 0x0000000100000000)
  region size 1024K, 4 young (4096K), 4 survivors (4096K)
 Metaspace       used 96698K, committed 99008K, reserved 1179648K
  class space    used 14155K, committed 15296K, reserved 1048576K
}
Event: 48.137 GC heap before
{Heap before GC invocations=50 (full 0):
 garbage-first heap   total reserved 2097152K, committed 196608K, used 157951K [0x0000000080000000, 0x0000000100000000)
  region size 1024K, 45 young (46080K), 4 survivors (4096K)
 Metaspace       used 96728K, committed 99008K, reserved 1179648K
  class space    used 14155K, committed 15296K, reserved 1048576K
}
Event: 48.141 GC heap after
{Heap after GC invocations=51 (full 0):
 garbage-first heap   total reserved 2097152K, committed 196608K, used 118052K [0x0000000080000000, 0x0000000100000000)
  region size 1024K, 5 young (5120K), 5 survivors (5120K)
 Metaspace       used 96728K, committed 99008K, reserved 1179648K
  class space    used 14155K, committed 15296K, reserved 1048576K
}
Event: 49.400 GC heap before
{Heap before GC invocations=51 (full 0):
 garbage-first heap   total reserved 2097152K, committed 196608K, used 183588K [0x0000000080000000, 0x0000000100000000)
  region size 1024K, 64 young (65536K), 5 survivors (5120K)
 Metaspace       used 98509K, committed 100800K, reserved 1179648K
  class space    used 14338K, committed 15424K, reserved 1048576K
}
Event: 49.407 GC heap after
{Heap after GC invocations=52 (full 0):
 garbage-first heap   total reserved 2097152K, committed 196608K, used 117625K [0x0000000080000000, 0x0000000100000000)
  region size 1024K, 7 young (7168K), 7 survivors (7168K)
 Metaspace       used 98509K, committed 100800K, reserved 1179648K
  class space    used 14338K, committed 15424K, reserved 1048576K
}
Event: 49.581 GC heap before
{Heap before GC invocations=52 (full 0):
 garbage-first heap   total reserved 2097152K, committed 196608K, used 132985K [0x0000000080000000, 0x0000000100000000)
  region size 1024K, 24 young (24576K), 7 survivors (7168K)
 Metaspace       used 98592K, committed 100864K, reserved 1179648K
  class space    used 14351K, committed 15424K, reserved 1048576K
}
Event: 49.587 GC heap after
{Heap after GC invocations=53 (full 0):
 garbage-first heap   total reserved 2097152K, committed 196608K, used 118144K [0x0000000080000000, 0x0000000100000000)
  region size 1024K, 3 young (3072K), 3 survivors (3072K)
 Metaspace       used 98592K, committed 100864K, reserved 1179648K
  class space    used 14351K, committed 15424K, reserved 1048576K
}
Event: 61.129 GC heap before
{Heap before GC invocations=54 (full 0):
 garbage-first heap   total reserved 2097152K, committed 203776K, used 178560K [0x0000000080000000, 0x0000000100000000)
  region size 1024K, 60 young (61440K), 3 survivors (3072K)
 Metaspace       used 100425K, committed 102656K, reserved 1179648K
  class space    used 14499K, committed 15552K, reserved 1048576K
}
Event: 61.137 GC heap after
{Heap after GC invocations=55 (full 0):
 garbage-first heap   total reserved 2097152K, committed 203776K, used 126496K [0x0000000080000000, 0x0000000100000000)
  region size 1024K, 8 young (8192K), 8 survivors (8192K)
 Metaspace       used 100425K, committed 102656K, reserved 1179648K
  class space    used 14499K, committed 15552K, reserved 1048576K
}
Event: 62.360 GC heap before
{Heap before GC invocations=55 (full 0):
 garbage-first heap   total reserved 2097152K, committed 203776K, used 191008K [0x0000000080000000, 0x0000000100000000)
  region size 1024K, 63 young (64512K), 8 survivors (8192K)
 Metaspace       used 100441K, committed 102720K, reserved 1179648K
  class space    used 14499K, committed 15552K, reserved 1048576K
}

