# JRE version: Java(TM) SE Runtime Environment (23.0.2+7) (build 23.0.2+7-58)
# Java VM: Java HotSpot(TM) 64-Bit Server VM (23.0.2+7-58, mixed mode, sharing, tiered, compressed oops, compressed class ptrs, g1 gc, windows-amd64)
GC Precious Log:
 CardTable entry size: 512
 Card Set container configuration: InlinePtr #cards 5 size 8 Array Of Cards #cards 10 size 36 Howl #buckets 4 coarsen threshold 1843 Howl Bitmap #cards 512 size 80 coarsen threshold 460 Card regions per heap region 1 cards per card region 2048
 CPUs: 12 total, 12 available
 Memory: 6005M
 Large Page Support: Disabled
 NUMA Support: Disabled
 Compressed Oops: Enabled (32-bit)
 Heap Region Size: 1M
 Heap Min Capacity: 8M
 Heap Initial Capacity: 94M
 Heap Max Capacity: 2G
 Pre-touch: Disabled
 Parallel Workers: 10
 Concurrent Workers: 3
 Concurrent Refinement Workers: 10
 Periodic GC: Disabled
Heap:
 garbage-first heap   total reserved 2097152K, committed 194560K, used 148480K [0x0000000080000000, 0x0000000100000000)
  region size 1024K, 10 young (10240K), 7 survivors (7168K)
 Metaspace       used 98366K, committed 100672K, reserved 1179648K
  class space    used 14177K, committed 15296K, reserved 1048576K
GC Heap History (20 events):
Event: 40.307 GC heap before
{Heap before GC invocations=44 (full 0):
 garbage-first heap   total reserved 2097152K, committed 158720K, used 144196K [0x0000000080000000, 0x0000000100000000)
  region size 1024K, 50 young (51200K), 3 survivors (3072K)
 Metaspace       used 87080K, committed 89280K, reserved 1179648K
  class space    used 12671K, committed 13696K, reserved 1048576K
}
Event: 40.313 GC heap after
{Heap after GC invocations=45 (full 0):
 garbage-first heap   total reserved 2097152K, committed 158720K, used 98191K [0x0000000080000000, 0x0000000100000000)
  region size 1024K, 5 young (5120K), 5 survivors (5120K)
 Metaspace       used 87080K, committed 89280K, reserved 1179648K
  class space    used 12671K, committed 13696K, reserved 1048576K
}
Event: 41.524 GC heap before
{Heap before GC invocations=46 (full 0):
 garbage-first heap   total reserved 2097152K, committed 163840K, used 145295K [0x0000000080000000, 0x0000000100000000)
  region size 1024K, 51 young (52224K), 5 survivors (5120K)
 Metaspace       used 90536K, committed 92864K, reserved 1179648K
  class space    used 13219K, committed 14336K, reserved 1048576K
}
Event: 41.531 GC heap after
{Heap after GC invocations=47 (full 0):
 garbage-first heap   total reserved 2097152K, committed 163840K, used 100642K [0x0000000080000000, 0x0000000100000000)
  region size 1024K, 7 young (7168K), 7 survivors (7168K)
 Metaspace       used 90536K, committed 92864K, reserved 1179648K
  class space    used 13219K, committed 14336K, reserved 1048576K
}
Event: 42.507 GC heap before
{Heap before GC invocations=47 (full 0):
 garbage-first heap   total reserved 2097152K, committed 163840K, used 146722K [0x0000000080000000, 0x0000000100000000)
  region size 1024K, 52 young (53248K), 7 survivors (7168K)
 Metaspace       used 93471K, committed 95744K, reserved 1179648K
  class space    used 13688K, committed 14784K, reserved 1048576K
}
Event: 42.517 GC heap after
{Heap after GC invocations=48 (full 0):
 garbage-first heap   total reserved 2097152K, committed 163840K, used 102537K [0x0000000080000000, 0x0000000100000000)
  region size 1024K, 6 young (6144K), 6 survivors (6144K)
 Metaspace       used 93471K, committed 95744K, reserved 1179648K
  class space    used 13688K, committed 14784K, reserved 1048576K
}
Event: 44.074 GC heap before
{Heap before GC invocations=48 (full 0):
 garbage-first heap   total reserved 2097152K, committed 163840K, used 148617K [0x0000000080000000, 0x0000000100000000)
  region size 1024K, 51 young (52224K), 6 survivors (6144K)
 Metaspace       used 94993K, committed 97280K, reserved 1179648K
  class space    used 13879K, committed 14976K, reserved 1048576K
}
Event: 44.084 GC heap after
{Heap after GC invocations=49 (full 0):
 garbage-first heap   total reserved 2097152K, committed 163840K, used 110352K [0x0000000080000000, 0x0000000100000000)
  region size 1024K, 7 young (7168K), 7 survivors (7168K)
 Metaspace       used 94993K, committed 97280K, reserved 1179648K
  class space    used 13879K, committed 14976K, reserved 1048576K
}
Event: 44.405 GC heap before
{Heap before GC invocations=50 (full 0):
 garbage-first heap   total reserved 2097152K, committed 184320K, used 146192K [0x0000000080000000, 0x0000000100000000)
  region size 1024K, 43 young (44032K), 7 survivors (7168K)
 Metaspace       used 94998K, committed 97280K, reserved 1179648K
  class space    used 13880K, committed 14976K, reserved 1048576K
}
Event: 44.411 GC heap after
{Heap after GC invocations=51 (full 0):
 garbage-first heap   total reserved 2097152K, committed 184320K, used 112361K [0x0000000080000000, 0x0000000100000000)
  region size 1024K, 4 young (4096K), 4 survivors (4096K)
 Metaspace       used 94998K, committed 97280K, reserved 1179648K
  class space    used 13880K, committed 14976K, reserved 1048576K
}
Event: 44.763 GC heap before
{Heap before GC invocations=51 (full 0):
 garbage-first heap   total reserved 2097152K, committed 184320K, used 164585K [0x0000000080000000, 0x0000000100000000)
  region size 1024K, 56 young (57344K), 4 survivors (4096K)
 Metaspace       used 95009K, committed 97280K, reserved 1179648K
  class space    used 13880K, committed 14976K, reserved 1048576K
}
Event: 44.770 GC heap after
{Heap after GC invocations=52 (full 0):
 garbage-first heap   total reserved 2097152K, committed 184320K, used 111881K [0x0000000080000000, 0x0000000100000000)
  region size 1024K, 5 young (5120K), 5 survivors (5120K)
 Metaspace       used 95009K, committed 97280K, reserved 1179648K
  class space    used 13880K, committed 14976K, reserved 1048576K
}
Event: 45.368 GC heap before
{Heap before GC invocations=52 (full 0):
 garbage-first heap   total reserved 2097152K, committed 184320K, used 162057K [0x0000000080000000, 0x0000000100000000)
  region size 1024K, 56 young (57344K), 5 survivors (5120K)
 Metaspace       used 95365K, committed 97664K, reserved 1179648K
  class space    used 13960K, committed 15040K, reserved 1048576K
}
Event: 45.372 GC heap after
{Heap after GC invocations=53 (full 0):
 garbage-first heap   total reserved 2097152K, committed 184320K, used 113233K [0x0000000080000000, 0x0000000100000000)
  region size 1024K, 6 young (6144K), 6 survivors (6144K)
 Metaspace       used 95365K, committed 97664K, reserved 1179648K
  class space    used 13960K, committed 15040K, reserved 1048576K
}
Event: 46.742 GC heap before
{Heap before GC invocations=54 (full 0):
 garbage-first heap   total reserved 2097152K, committed 191488K, used 173649K [0x0000000080000000, 0x0000000100000000)
  region size 1024K, 59 young (60416K), 6 survivors (6144K)
 Metaspace       used 98069K, committed 100416K, reserved 1179648K
  class space    used 14177K, committed 15296K, reserved 1048576K
}
Event: 46.749 GC heap after
{Heap after GC invocations=55 (full 0):
 garbage-first heap   total reserved 2097152K, committed 191488K, used 117757K [0x0000000080000000, 0x0000000100000000)
  region size 1024K, 8 young (8192K), 8 survivors (8192K)
 Metaspace       used 98069K, committed 100416K, reserved 1179648K
  class space    used 14177K, committed 15296K, reserved 1048576K
}
Event: 55.477 GC heap before
{Heap before GC invocations=55 (full 0):
 garbage-first heap   total reserved 2097152K, committed 191488K, used 171005K [0x0000000080000000, 0x0000000100000000)
  region size 1024K, 61 young (62464K), 8 survivors (8192K)
 Metaspace       used 98360K, committed 100672K, reserved 1179648K
  class space    used 14177K, committed 15296K, reserved 1048576K
}
Event: 55.491 GC heap after
{Heap after GC invocations=56 (full 0):
 garbage-first heap   total reserved 2097152K, committed 194560K, used 128783K [0x0000000080000000, 0x0000000100000000)
  region size 1024K, 8 young (8192K), 8 survivors (8192K)
 Metaspace       used 98360K, committed 100672K, reserved 1179648K
  class space    used 14177K, committed 15296K, reserved 1048576K
}
Event: 57.293 GC heap before
{Heap before GC invocations=56 (full 0):
 garbage-first heap   total reserved 2097152K, committed 194560K, used 150287K [0x0000000080000000, 0x0000000100000000)
  region size 1024K, 30 young (30720K), 8 survivors (8192K)
 Metaspace       used 98366K, committed 100672K, reserved 1179648K
  class space    used 14177K, committed 15296K, reserved 1048576K
}
Event: 57.301 GC heap after
{Heap after GC invocations=57 (full 0):
 garbage-first heap   total reserved 2097152K, committed 194560K, used 137216K [0x0000000080000000, 0x0000000100000000)
  region size 1024K, 7 young (7168K), 7 survivors (7168K)
 Metaspace       used 98366K, committed 100672K, reserved 1179648K
  class space    used 14177K, committed 15296K, reserved 1048576K
}

