# JRE version: OpenJDK Runtime Environment (21.0.6) (build 21.0.6+-13391695-b895.109)
# Java VM: OpenJDK 64-Bit Server VM (21.0.6+-13391695-b895.109, mixed mode, tiered, compressed oops, compressed class ptrs, g1 gc, windows-amd64)
GC Precious Log:
 CardTable entry size: 512
 Card Set container configuration: InlinePtr #cards 5 size 8 Array Of Cards #cards 12 size 40 Howl #buckets 4 coarsen threshold 1843 Howl Bitmap #cards 512 size 80 coarsen threshold 460 Card regions per heap region 1 cards per card region 2048
 CPUs: 12 total, 12 available
 Memory: 6005M
 Large Page Support: Disabled
 NUMA Support: Disabled
 Compressed Oops: Enabled (32-bit)
 Heap Region Size: 1M
 Heap Min Capacity: 8M
 Heap Initial Capacity: 94M
 Heap Max Capacity: 2G
 Pre-touch: Disabled
 Parallel Workers: 10
 Concurrent Workers: 3
 Concurrent Refinement Workers: 10
 Periodic GC: Disabled
Heap:
 garbage-first heap   total 265216K, used 182272K [0x0000000080000000, 0x0000000100000000)
  region size 1024K, 9 young (9216K), 9 survivors (9216K)
 Metaspace       used 122122K, committed 124416K, reserved 1179648K
  class space    used 16486K, committed 17664K, reserved 1048576K
GC Heap History (20 events):
Event: 37.436 GC heap after
{Heap after GC invocations=50 (full 0):
 garbage-first heap   total 189440K, used 114288K [0x0000000080000000, 0x0000000100000000)
  region size 1024K, 6 young (6144K), 6 survivors (6144K)
 Metaspace       used 117590K, committed 119872K, reserved 1179648K
  class space    used 15834K, committed 17024K, reserved 1048576K
}
Event: 38.432 GC heap before
{Heap before GC invocations=50 (full 0):
 garbage-first heap   total 189440K, used 171632K [0x0000000080000000, 0x0000000100000000)
  region size 1024K, 63 young (64512K), 6 survivors (6144K)
 Metaspace       used 117810K, committed 120128K, reserved 1179648K
  class space    used 15844K, committed 17024K, reserved 1048576K
}
Event: 38.443 GC heap after
{Heap after GC invocations=51 (full 0):
 garbage-first heap   total 189440K, used 120313K [0x0000000080000000, 0x0000000100000000)
  region size 1024K, 7 young (7168K), 7 survivors (7168K)
 Metaspace       used 117810K, committed 120128K, reserved 1179648K
  class space    used 15844K, committed 17024K, reserved 1048576K
}
Event: 39.053 GC heap before
{Heap before GC invocations=51 (full 0):
 garbage-first heap   total 189440K, used 158201K [0x0000000080000000, 0x0000000100000000)
  region size 1024K, 46 young (47104K), 7 survivors (7168K)
 Metaspace       used 118149K, committed 120384K, reserved 1179648K
  class space    used 15917K, committed 17088K, reserved 1048576K
}
Event: 39.058 GC heap after
{Heap after GC invocations=52 (full 0):
 garbage-first heap   total 189440K, used 121713K [0x0000000080000000, 0x0000000100000000)
  region size 1024K, 3 young (3072K), 3 survivors (3072K)
 Metaspace       used 118149K, committed 120384K, reserved 1179648K
  class space    used 15917K, committed 17088K, reserved 1048576K
}
Event: 41.110 GC heap before
{Heap before GC invocations=53 (full 0):
 garbage-first heap   total 206848K, used 174961K [0x0000000080000000, 0x0000000100000000)
  region size 1024K, 54 young (55296K), 3 survivors (3072K)
 Metaspace       used 118360K, committed 120576K, reserved 1179648K
  class space    used 15944K, committed 17088K, reserved 1048576K
}
Event: 41.116 GC heap after
{Heap after GC invocations=54 (full 0):
 garbage-first heap   total 206848K, used 124545K [0x0000000080000000, 0x0000000100000000)
  region size 1024K, 6 young (6144K), 6 survivors (6144K)
 Metaspace       used 118360K, committed 120576K, reserved 1179648K
  class space    used 15944K, committed 17088K, reserved 1048576K
}
Event: 41.591 GC heap before
{Heap before GC invocations=54 (full 0):
 garbage-first heap   total 206848K, used 184961K [0x0000000080000000, 0x0000000100000000)
  region size 1024K, 66 young (67584K), 6 survivors (6144K)
 Metaspace       used 118516K, committed 120768K, reserved 1179648K
  class space    used 15963K, committed 17152K, reserved 1048576K
}
Event: 41.599 GC heap after
{Heap after GC invocations=55 (full 0):
 garbage-first heap   total 206848K, used 126755K [0x0000000080000000, 0x0000000100000000)
  region size 1024K, 7 young (7168K), 7 survivors (7168K)
 Metaspace       used 118516K, committed 120768K, reserved 1179648K
  class space    used 15963K, committed 17152K, reserved 1048576K
}
Event: 42.224 GC heap before
{Heap before GC invocations=55 (full 0):
 garbage-first heap   total 206848K, used 187171K [0x0000000080000000, 0x0000000100000000)
  region size 1024K, 67 young (68608K), 7 survivors (7168K)
 Metaspace       used 119167K, committed 121472K, reserved 1179648K
  class space    used 16049K, committed 17216K, reserved 1048576K
}
Event: 42.247 GC heap after
{Heap after GC invocations=56 (full 0):
 garbage-first heap   total 206848K, used 130673K [0x0000000080000000, 0x0000000100000000)
  region size 1024K, 8 young (8192K), 8 survivors (8192K)
 Metaspace       used 119167K, committed 121472K, reserved 1179648K
  class space    used 16049K, committed 17216K, reserved 1048576K
}
Event: 42.742 GC heap before
{Heap before GC invocations=57 (full 0):
 garbage-first heap   total 219136K, used 184945K [0x0000000080000000, 0x0000000100000000)
  region size 1024K, 62 young (63488K), 8 survivors (8192K)
 Metaspace       used 119530K, committed 121792K, reserved 1179648K
  class space    used 16095K, committed 17280K, reserved 1048576K
}
Event: 42.754 GC heap after
{Heap after GC invocations=58 (full 0):
 garbage-first heap   total 219136K, used 134854K [0x0000000080000000, 0x0000000100000000)
  region size 1024K, 5 young (5120K), 5 survivors (5120K)
 Metaspace       used 119530K, committed 121792K, reserved 1179648K
  class space    used 16095K, committed 17280K, reserved 1048576K
}
Event: 43.388 GC heap before
{Heap before GC invocations=58 (full 0):
 garbage-first heap   total 219136K, used 202438K [0x0000000080000000, 0x0000000100000000)
  region size 1024K, 70 young (71680K), 5 survivors (5120K)
 Metaspace       used 120798K, committed 123072K, reserved 1179648K
  class space    used 16286K, committed 17472K, reserved 1048576K
}
Event: 43.399 GC heap after
{Heap after GC invocations=59 (full 0):
 garbage-first heap   total 223232K, used 146541K [0x0000000080000000, 0x0000000100000000)
  region size 1024K, 9 young (9216K), 9 survivors (9216K)
 Metaspace       used 120798K, committed 123072K, reserved 1179648K
  class space    used 16286K, committed 17472K, reserved 1048576K
}
Event: 43.514 GC heap before
{Heap before GC invocations=59 (full 0):
 garbage-first heap   total 223232K, used 199789K [0x0000000080000000, 0x0000000100000000)
  region size 1024K, 62 young (63488K), 9 survivors (9216K)
 Metaspace       used 121009K, committed 123264K, reserved 1179648K
  class space    used 16312K, committed 17472K, reserved 1048576K
}
Event: 43.522 GC heap after
{Heap after GC invocations=60 (full 0):
 garbage-first heap   total 223232K, used 158470K [0x0000000080000000, 0x0000000100000000)
  region size 1024K, 8 young (8192K), 8 survivors (8192K)
 Metaspace       used 121009K, committed 123264K, reserved 1179648K
  class space    used 16312K, committed 17472K, reserved 1048576K
}
Event: 43.724 GC heap before
{Heap before GC invocations=61 (full 0):
 garbage-first heap   total 265216K, used 199430K [0x0000000080000000, 0x0000000100000000)
  region size 1024K, 49 young (50176K), 8 survivors (8192K)
 Metaspace       used 121433K, committed 123712K, reserved 1179648K
  class space    used 16369K, committed 17536K, reserved 1048576K
}
Event: 43.747 GC heap after
{Heap after GC invocations=62 (full 0):
 garbage-first heap   total 265216K, used 168721K [0x0000000080000000, 0x0000000100000000)
  region size 1024K, 7 young (7168K), 7 survivors (7168K)
 Metaspace       used 121433K, committed 123712K, reserved 1179648K
  class space    used 16369K, committed 17536K, reserved 1048576K
}
Event: 44.083 GC heap before
{Heap before GC invocations=62 (full 0):
 garbage-first heap   total 265216K, used 234257K [0x0000000080000000, 0x0000000100000000)
  region size 1024K, 72 young (73728K), 7 survivors (7168K)
 Metaspace       used 122122K, committed 124416K, reserved 1179648K
  class space    used 16486K, committed 17664K, reserved 1048576K
}

