# JRE version: OpenJDK Runtime Environment (21.0.6) (build 21.0.6+-13391695-b895.109)
# Java VM: OpenJDK 64-Bit Server VM (21.0.6+-13391695-b895.109, mixed mode, tiered, compressed oops, compressed class ptrs, g1 gc, windows-amd64)
GC Precious Log:
 CardTable entry size: 512
 Card Set container configuration: InlinePtr #cards 5 size 8 Array Of Cards #cards 12 size 40 Howl #buckets 4 coarsen threshold 1843 Howl Bitmap #cards 512 size 80 coarsen threshold 460 Card regions per heap region 1 cards per card region 2048
 CPUs: 12 total, 12 available
 Memory: 6005M
 Large Page Support: Disabled
 NUMA Support: Disabled
 Compressed Oops: Enabled (32-bit)
 Heap Region Size: 1M
 Heap Min Capacity: 8M
 Heap Initial Capacity: 94M
 Heap Max Capacity: 2G
 Pre-touch: Disabled
 Parallel Workers: 10
 Concurrent Workers: 3
 Concurrent Refinement Workers: 10
 Periodic GC: Disabled
Heap:
 garbage-first heap   total 291840K, used 228634K [0x0000000080000000, 0x0000000100000000)
  region size 1024K, 9 young (9216K), 8 survivors (8192K)
 Metaspace       used 125613K, committed 127872K, reserved 1179648K
  class space    used 16978K, committed 18112K, reserved 1048576K
GC Heap History (20 events):
Event: 63.668 GC heap before
{Heap before GC invocations=52 (full 0):
 garbage-first heap   total 201728K, used 182216K [0x0000000080000000, 0x0000000100000000)
  region size 1024K, 61 young (62464K), 4 survivors (4096K)
 Metaspace       used 118363K, committed 120640K, reserved 1179648K
  class space    used 15940K, committed 17088K, reserved 1048576K
}
Event: 63.676 GC heap after
{Heap after GC invocations=53 (full 0):
 garbage-first heap   total 201728K, used 125658K [0x0000000080000000, 0x0000000100000000)
  region size 1024K, 7 young (7168K), 7 survivors (7168K)
 Metaspace       used 118363K, committed 120640K, reserved 1179648K
  class space    used 15940K, committed 17088K, reserved 1048576K
}
Event: 64.384 GC heap before
{Heap before GC invocations=53 (full 0):
 garbage-first heap   total 201728K, used 181978K [0x0000000080000000, 0x0000000100000000)
  region size 1024K, 63 young (64512K), 7 survivors (7168K)
 Metaspace       used 118489K, committed 120704K, reserved 1179648K
  class space    used 15960K, committed 17088K, reserved 1048576K
}
Event: 64.392 GC heap after
{Heap after GC invocations=54 (full 0):
 garbage-first heap   total 201728K, used 128215K [0x0000000080000000, 0x0000000100000000)
  region size 1024K, 7 young (7168K), 7 survivors (7168K)
 Metaspace       used 118489K, committed 120704K, reserved 1179648K
  class space    used 15960K, committed 17088K, reserved 1048576K
}
Event: 65.157 GC heap before
{Heap before GC invocations=55 (full 0):
 garbage-first heap   total 215040K, used 181463K [0x0000000080000000, 0x0000000100000000)
  region size 1024K, 60 young (61440K), 7 survivors (7168K)
 Metaspace       used 118677K, committed 120896K, reserved 1179648K
  class space    used 15978K, committed 17088K, reserved 1048576K
}
Event: 65.165 GC heap after
{Heap after GC invocations=56 (full 0):
 garbage-first heap   total 258048K, used 131381K [0x0000000080000000, 0x0000000100000000)
  region size 1024K, 7 young (7168K), 7 survivors (7168K)
 Metaspace       used 118677K, committed 120896K, reserved 1179648K
  class space    used 15978K, committed 17088K, reserved 1048576K
}
Event: 66.238 GC heap before
{Heap before GC invocations=56 (full 0):
 garbage-first heap   total 258048K, used 231733K [0x0000000080000000, 0x0000000100000000)
  region size 1024K, 106 young (108544K), 7 survivors (7168K)
 Metaspace       used 119968K, committed 122240K, reserved 1179648K
  class space    used 16146K, committed 17280K, reserved 1048576K
}
Event: 66.249 GC heap after
{Heap after GC invocations=57 (full 0):
 garbage-first heap   total 258048K, used 135008K [0x0000000080000000, 0x0000000100000000)
  region size 1024K, 13 young (13312K), 13 survivors (13312K)
 Metaspace       used 119968K, committed 122240K, reserved 1179648K
  class space    used 16146K, committed 17280K, reserved 1048576K
}
Event: 66.869 GC heap before
{Heap before GC invocations=57 (full 0):
 garbage-first heap   total 258048K, used 230240K [0x0000000080000000, 0x0000000100000000)
  region size 1024K, 105 young (107520K), 13 survivors (13312K)
 Metaspace       used 121039K, committed 123264K, reserved 1179648K
  class space    used 16307K, committed 17408K, reserved 1048576K
}
Event: 66.900 GC heap after
{Heap after GC invocations=58 (full 0):
 garbage-first heap   total 264192K, used 156672K [0x0000000080000000, 0x0000000100000000)
  region size 1024K, 14 young (14336K), 14 survivors (14336K)
 Metaspace       used 121039K, committed 123264K, reserved 1179648K
  class space    used 16307K, committed 17408K, reserved 1048576K
}
Event: 67.311 GC heap before
{Heap before GC invocations=58 (full 0):
 garbage-first heap   total 264192K, used 232448K [0x0000000080000000, 0x0000000100000000)
  region size 1024K, 89 young (91136K), 14 survivors (14336K)
 Metaspace       used 121882K, committed 124096K, reserved 1179648K
  class space    used 16422K, committed 17536K, reserved 1048576K
}
Event: 67.324 GC heap after
{Heap after GC invocations=59 (full 0):
 garbage-first heap   total 266240K, used 174592K [0x0000000080000000, 0x0000000100000000)
  region size 1024K, 12 young (12288K), 12 survivors (12288K)
 Metaspace       used 121882K, committed 124096K, reserved 1179648K
  class space    used 16422K, committed 17536K, reserved 1048576K
}
Event: 67.779 GC heap before
{Heap before GC invocations=60 (full 0):
 garbage-first heap   total 291840K, used 237056K [0x0000000080000000, 0x0000000100000000)
  region size 1024K, 74 young (75776K), 12 survivors (12288K)
 Metaspace       used 122752K, committed 124992K, reserved 1179648K
  class space    used 16551K, committed 17664K, reserved 1048576K
}
Event: 67.835 GC heap after
{Heap after GC invocations=61 (full 0):
 garbage-first heap   total 291840K, used 190976K [0x0000000080000000, 0x0000000100000000)
  region size 1024K, 10 young (10240K), 10 survivors (10240K)
 Metaspace       used 122752K, committed 124992K, reserved 1179648K
  class space    used 16551K, committed 17664K, reserved 1048576K
}
Event: 71.693 GC heap before
{Heap before GC invocations=61 (full 0):
 garbage-first heap   total 291840K, used 258560K [0x0000000080000000, 0x0000000100000000)
  region size 1024K, 77 young (78848K), 10 survivors (10240K)
 Metaspace       used 125287K, committed 127552K, reserved 1179648K
  class space    used 16952K, committed 18112K, reserved 1048576K
}
Event: 71.710 GC heap after
{Heap after GC invocations=62 (full 0):
 garbage-first heap   total 291840K, used 202752K [0x0000000080000000, 0x0000000100000000)
  region size 1024K, 10 young (10240K), 10 survivors (10240K)
 Metaspace       used 125287K, committed 127552K, reserved 1179648K
  class space    used 16952K, committed 18112K, reserved 1048576K
}
Event: 71.900 GC heap before
{Heap before GC invocations=62 (full 0):
 garbage-first heap   total 291840K, used 262144K [0x0000000080000000, 0x0000000100000000)
  region size 1024K, 69 young (70656K), 10 survivors (10240K)
 Metaspace       used 125418K, committed 127744K, reserved 1179648K
  class space    used 16957K, committed 18112K, reserved 1048576K
}
Event: 71.919 GC heap after
{Heap after GC invocations=63 (full 0):
 garbage-first heap   total 291840K, used 216664K [0x0000000080000000, 0x0000000100000000)
  region size 1024K, 9 young (9216K), 9 survivors (9216K)
 Metaspace       used 125418K, committed 127744K, reserved 1179648K
  class space    used 16957K, committed 18112K, reserved 1048576K
}
Event: 72.105 GC heap before
{Heap before GC invocations=63 (full 0):
 garbage-first heap   total 291840K, used 266840K [0x0000000080000000, 0x0000000100000000)
  region size 1024K, 58 young (59392K), 9 survivors (9216K)
 Metaspace       used 125613K, committed 127872K, reserved 1179648K
  class space    used 16978K, committed 18112K, reserved 1048576K
}
Event: 72.121 GC heap after
{Heap after GC invocations=64 (full 0):
 garbage-first heap   total 291840K, used 228634K [0x0000000080000000, 0x0000000100000000)
  region size 1024K, 8 young (8192K), 8 survivors (8192K)
 Metaspace       used 125613K, committed 127872K, reserved 1179648K
  class space    used 16978K, committed 18112K, reserved 1048576K
}

