# JRE version: Java(TM) SE Runtime Environment (23.0.2+7) (build 23.0.2+7-58)
# Java VM: Java HotSpot(TM) 64-Bit Server VM (23.0.2+7-58, mixed mode, sharing, tiered, compressed oops, compressed class ptrs, g1 gc, windows-amd64)
GC Precious Log:
 CardTable entry size: 512
 Card Set container configuration: InlinePtr #cards 5 size 8 Array Of Cards #cards 10 size 36 Howl #buckets 4 coarsen threshold 1843 Howl Bitmap #cards 512 size 80 coarsen threshold 460 Card regions per heap region 1 cards per card region 2048
 CPUs: 12 total, 12 available
 Memory: 6005M
 Large Page Support: Disabled
 NUMA Support: Disabled
 Compressed Oops: Enabled (32-bit)
 Heap Region Size: 1M
 Heap Min Capacity: 8M
 Heap Initial Capacity: 94M
 Heap Max Capacity: 2G
 Pre-touch: Disabled
 Parallel Workers: 10
 Concurrent Workers: 3
 Concurrent Refinement Workers: 10
 Periodic GC: Disabled
Heap:
 garbage-first heap   total reserved 2097152K, committed 342016K, used 178321K [0x0000000080000000, 0x0000000100000000)
  region size 1024K, 7 young (7168K), 7 survivors (7168K)
 Metaspace       used 130539K, committed 132928K, reserved 1179648K
  class space    used 19530K, committed 20672K, reserved 1048576K
GC Heap History (20 events):
Event: 134.015 GC heap after
{Heap after GC invocations=68 (full 0):
 garbage-first heap   total reserved 2097152K, committed 248832K, used 153973K [0x0000000080000000, 0x0000000100000000)
  region size 1024K, 11 young (11264K), 11 survivors (11264K)
 Metaspace       used 112186K, committed 114560K, reserved 1179648K
  class space    used 16193K, committed 17280K, reserved 1048576K
}
Event: 135.459 GC heap before
{Heap before GC invocations=68 (full 0):
 garbage-first heap   total reserved 2097152K, committed 248832K, used 222581K [0x0000000080000000, 0x0000000100000000)
  region size 1024K, 79 young (80896K), 11 survivors (11264K)
 Metaspace       used 117457K, committed 119808K, reserved 1179648K
  class space    used 17090K, committed 18176K, reserved 1048576K
}
Event: 135.506 GC heap after
{Heap after GC invocations=69 (full 0):
 garbage-first heap   total reserved 2097152K, committed 248832K, used 163711K [0x0000000080000000, 0x0000000100000000)
  region size 1024K, 9 young (9216K), 9 survivors (9216K)
 Metaspace       used 117457K, committed 119808K, reserved 1179648K
  class space    used 17090K, committed 18176K, reserved 1048576K
}
Event: 136.444 GC heap before
{Heap before GC invocations=70 (full 0):
 garbage-first heap   total reserved 2097152K, committed 273408K, used 225151K [0x0000000080000000, 0x0000000100000000)
  region size 1024K, 69 young (70656K), 9 survivors (9216K)
 Metaspace       used 121267K, committed 123648K, reserved 1179648K
  class space    used 18083K, committed 19200K, reserved 1048576K
}
Event: 136.468 GC heap after
{Heap after GC invocations=71 (full 0):
 garbage-first heap   total reserved 2097152K, committed 273408K, used 173056K [0x0000000080000000, 0x0000000100000000)
  region size 1024K, 9 young (9216K), 9 survivors (9216K)
 Metaspace       used 121267K, committed 123648K, reserved 1179648K
  class space    used 18083K, committed 19200K, reserved 1048576K
}
Event: 137.873 GC heap before
{Heap before GC invocations=71 (full 0):
 garbage-first heap   total reserved 2097152K, committed 273408K, used 245760K [0x0000000080000000, 0x0000000100000000)
  region size 1024K, 81 young (82944K), 9 survivors (9216K)
 Metaspace       used 126552K, committed 129024K, reserved 1179648K
  class space    used 18938K, committed 20096K, reserved 1048576K
}
Event: 137.891 GC heap after
{Heap after GC invocations=72 (full 0):
 garbage-first heap   total reserved 2097152K, committed 342016K, used 173568K [0x0000000080000000, 0x0000000100000000)
  region size 1024K, 3 young (3072K), 3 survivors (3072K)
 Metaspace       used 126552K, committed 129024K, reserved 1179648K
  class space    used 18938K, committed 20096K, reserved 1048576K
}
Event: 139.266 GC heap before
{Heap before GC invocations=72 (full 0):
 garbage-first heap   total reserved 2097152K, committed 342016K, used 295424K [0x0000000080000000, 0x0000000100000000)
  region size 1024K, 123 young (125952K), 3 survivors (3072K)
 Metaspace       used 128170K, committed 130624K, reserved 1179648K
  class space    used 19161K, committed 20352K, reserved 1048576K
}
Event: 139.280 GC heap after
{Heap after GC invocations=73 (full 0):
 garbage-first heap   total reserved 2097152K, committed 342016K, used 176486K [0x0000000080000000, 0x0000000100000000)
  region size 1024K, 6 young (6144K), 6 survivors (6144K)
 Metaspace       used 128170K, committed 130624K, reserved 1179648K
  class space    used 19161K, committed 20352K, reserved 1048576K
}
Event: 140.860 GC heap before
{Heap before GC invocations=74 (full 0):
 garbage-first heap   total reserved 2097152K, committed 342016K, used 287078K [0x0000000080000000, 0x0000000100000000)
  region size 1024K, 115 young (117760K), 6 survivors (6144K)
 Metaspace       used 128986K, committed 131456K, reserved 1179648K
  class space    used 19316K, committed 20480K, reserved 1048576K
}
Event: 140.891 GC heap after
{Heap after GC invocations=75 (full 0):
 garbage-first heap   total reserved 2097152K, committed 342016K, used 180386K [0x0000000080000000, 0x0000000100000000)
  region size 1024K, 10 young (10240K), 10 survivors (10240K)
 Metaspace       used 128986K, committed 131456K, reserved 1179648K
  class space    used 19316K, committed 20480K, reserved 1048576K
}
Event: 141.296 GC heap before
{Heap before GC invocations=75 (full 0):
 garbage-first heap   total reserved 2097152K, committed 342016K, used 297122K [0x0000000080000000, 0x0000000100000000)
  region size 1024K, 124 young (126976K), 10 survivors (10240K)
 Metaspace       used 129553K, committed 131904K, reserved 1179648K
  class space    used 19410K, committed 20544K, reserved 1048576K
}
Event: 141.311 GC heap after
{Heap after GC invocations=76 (full 0):
 garbage-first heap   total reserved 2097152K, committed 342016K, used 182500K [0x0000000080000000, 0x0000000100000000)
  region size 1024K, 10 young (10240K), 10 survivors (10240K)
 Metaspace       used 129553K, committed 131904K, reserved 1179648K
  class space    used 19410K, committed 20544K, reserved 1048576K
}
Event: 141.639 GC heap before
{Heap before GC invocations=76 (full 0):
 garbage-first heap   total reserved 2097152K, committed 342016K, used 302308K [0x0000000080000000, 0x0000000100000000)
  region size 1024K, 128 young (131072K), 10 survivors (10240K)
 Metaspace       used 129709K, committed 132032K, reserved 1179648K
  class space    used 19416K, committed 20544K, reserved 1048576K
}
Event: 141.646 GC heap after
{Heap after GC invocations=77 (full 0):
 garbage-first heap   total reserved 2097152K, committed 342016K, used 178184K [0x0000000080000000, 0x0000000100000000)
  region size 1024K, 5 young (5120K), 5 survivors (5120K)
 Metaspace       used 129709K, committed 132032K, reserved 1179648K
  class space    used 19416K, committed 20544K, reserved 1048576K
}
Event: 142.912 GC heap before
{Heap before GC invocations=78 (full 0):
 garbage-first heap   total reserved 2097152K, committed 342016K, used 306184K [0x0000000080000000, 0x0000000100000000)
  region size 1024K, 130 young (133120K), 5 survivors (5120K)
 Metaspace       used 129889K, committed 132288K, reserved 1179648K
  class space    used 19413K, committed 20544K, reserved 1048576K
}
Event: 143.053 GC heap after
{Heap after GC invocations=79 (full 0):
 garbage-first heap   total reserved 2097152K, committed 342016K, used 178222K [0x0000000080000000, 0x0000000100000000)
  region size 1024K, 5 young (5120K), 5 survivors (5120K)
 Metaspace       used 129889K, committed 132288K, reserved 1179648K
  class space    used 19413K, committed 20544K, reserved 1048576K
}
Event: 143.441 GC heap before
{Heap before GC invocations=79 (full 0):
 garbage-first heap   total reserved 2097152K, committed 342016K, used 306222K [0x0000000080000000, 0x0000000100000000)
  region size 1024K, 131 young (134144K), 5 survivors (5120K)
 Metaspace       used 130178K, committed 132608K, reserved 1179648K
  class space    used 19453K, committed 20608K, reserved 1048576K
}
Event: 143.460 GC heap after
{Heap after GC invocations=80 (full 0):
 garbage-first heap   total reserved 2097152K, committed 342016K, used 176459K [0x0000000080000000, 0x0000000100000000)
  region size 1024K, 5 young (5120K), 5 survivors (5120K)
 Metaspace       used 130178K, committed 132608K, reserved 1179648K
  class space    used 19453K, committed 20608K, reserved 1048576K
}
Event: 144.220 GC heap before
{Heap before GC invocations=80 (full 0):
 garbage-first heap   total reserved 2097152K, committed 342016K, used 309579K [0x0000000080000000, 0x0000000100000000)
  region size 1024K, 135 young (138240K), 5 survivors (5120K)
 Metaspace       used 130539K, committed 132928K, reserved 1179648K
  class space    used 19530K, committed 20672K, reserved 1048576K
}

