# JRE version: OpenJDK Runtime Environment (21.0.6) (build 21.0.6+-13368085-b895.109)
# Java VM: OpenJDK 64-Bit Server VM (21.0.6+-13368085-b895.109, mixed mode, tiered, compressed oops, compressed class ptrs, g1 gc, windows-amd64)
GC Precious Log:
 CardTable entry size: 512
 Card Set container configuration: InlinePtr #cards 5 size 8 Array Of Cards #cards 12 size 40 Howl #buckets 4 coarsen threshold 1843 Howl Bitmap #cards 512 size 80 coarsen threshold 460 Card regions per heap region 1 cards per card region 2048
 CPUs: 12 total, 12 available
 Memory: 6005M
 Large Page Support: Disabled
 NUMA Support: Disabled
 Compressed Oops: Enabled (32-bit)
 Heap Region Size: 1M
 Heap Min Capacity: 8M
 Heap Initial Capacity: 94M
 Heap Max Capacity: 2G
 Pre-touch: Disabled
 Parallel Workers: 10
 Concurrent Workers: 3
 Concurrent Refinement Workers: 10
 Periodic GC: Disabled
Heap:
 garbage-first heap   total 295936K, used 177715K [0x0000000080000000, 0x0000000100000000)
  region size 1024K, 4 young (4096K), 4 survivors (4096K)
 Metaspace       used 145556K, committed 147968K, reserved 1179648K
  class space    used 20528K, committed 21760K, reserved 1048576K
GC Heap History (20 events):
Event: 50.852 GC heap after
{Heap after GC invocations=55 (full 0):
 garbage-first heap   total 238592K, used 136428K [0x0000000080000000, 0x0000000100000000)
  region size 1024K, 12 young (12288K), 12 survivors (12288K)
 Metaspace       used 118397K, committed 120576K, reserved 1179648K
  class space    used 16101K, committed 17216K, reserved 1048576K
}
Event: 51.709 GC heap before
{Heap before GC invocations=55 (full 0):
 garbage-first heap   total 238592K, used 211180K [0x0000000080000000, 0x0000000100000000)
  region size 1024K, 86 young (88064K), 12 survivors (12288K)
 Metaspace       used 118882K, committed 121152K, reserved 1179648K
  class space    used 16141K, committed 17280K, reserved 1048576K
}
Event: 51.719 GC heap after
{Heap after GC invocations=56 (full 0):
 garbage-first heap   total 238592K, used 139004K [0x0000000080000000, 0x0000000100000000)
  region size 1024K, 7 young (7168K), 7 survivors (7168K)
 Metaspace       used 118882K, committed 121152K, reserved 1179648K
  class space    used 16141K, committed 17280K, reserved 1048576K
}
Event: 64.556 GC heap before
{Heap before GC invocations=57 (full 0):
 garbage-first heap   total 238592K, used 215804K [0x0000000080000000, 0x0000000100000000)
  region size 1024K, 83 young (84992K), 7 survivors (7168K)
 Metaspace       used 122801K, committed 125184K, reserved 1179648K
  class space    used 16638K, committed 17856K, reserved 1048576K
}
Event: 64.621 GC heap after
{Heap after GC invocations=58 (full 0):
 garbage-first heap   total 238592K, used 142862K [0x0000000080000000, 0x0000000100000000)
  region size 1024K, 10 young (10240K), 10 survivors (10240K)
 Metaspace       used 122801K, committed 125184K, reserved 1179648K
  class space    used 16638K, committed 17856K, reserved 1048576K
}
Event: 126.929 GC heap before
{Heap before GC invocations=58 (full 0):
 garbage-first heap   total 238592K, used 217614K [0x0000000080000000, 0x0000000100000000)
  region size 1024K, 80 young (81920K), 10 survivors (10240K)
 Metaspace       used 124269K, committed 126656K, reserved 1179648K
  class space    used 16846K, committed 18048K, reserved 1048576K
}
Event: 126.998 GC heap after
{Heap after GC invocations=59 (full 0):
 garbage-first heap   total 238592K, used 144058K [0x0000000080000000, 0x0000000100000000)
  region size 1024K, 6 young (6144K), 6 survivors (6144K)
 Metaspace       used 124269K, committed 126656K, reserved 1179648K
  class space    used 16846K, committed 18048K, reserved 1048576K
}
Event: 128.200 GC heap before
{Heap before GC invocations=59 (full 0):
 garbage-first heap   total 238592K, used 217786K [0x0000000080000000, 0x0000000100000000)
  region size 1024K, 79 young (80896K), 6 survivors (6144K)
 Metaspace       used 129083K, committed 131456K, reserved 1179648K
  class space    used 17598K, committed 18816K, reserved 1048576K
}
Event: 128.219 GC heap after
{Heap after GC invocations=60 (full 0):
 garbage-first heap   total 238592K, used 153742K [0x0000000080000000, 0x0000000100000000)
  region size 1024K, 10 young (10240K), 10 survivors (10240K)
 Metaspace       used 129083K, committed 131456K, reserved 1179648K
  class space    used 17598K, committed 18816K, reserved 1048576K
}
Event: 129.025 GC heap before
{Heap before GC invocations=61 (full 0):
 garbage-first heap   total 258048K, used 212110K [0x0000000080000000, 0x0000000100000000)
  region size 1024K, 68 young (69632K), 10 survivors (10240K)
 Metaspace       used 133356K, committed 135744K, reserved 1179648K
  class space    used 18361K, committed 19584K, reserved 1048576K
}
Event: 129.059 GC heap after
{Heap after GC invocations=62 (full 0):
 garbage-first heap   total 258048K, used 163840K [0x0000000080000000, 0x0000000100000000)
  region size 1024K, 9 young (9216K), 9 survivors (9216K)
 Metaspace       used 133356K, committed 135744K, reserved 1179648K
  class space    used 18361K, committed 19584K, reserved 1048576K
}
Event: 129.540 GC heap before
{Heap before GC invocations=62 (full 0):
 garbage-first heap   total 258048K, used 231424K [0x0000000080000000, 0x0000000100000000)
  region size 1024K, 76 young (77824K), 9 survivors (9216K)
 Metaspace       used 137787K, committed 140160K, reserved 1179648K
  class space    used 19284K, committed 20480K, reserved 1048576K
}
Event: 129.558 GC heap after
{Heap after GC invocations=63 (full 0):
 garbage-first heap   total 258048K, used 171531K [0x0000000080000000, 0x0000000100000000)
  region size 1024K, 9 young (9216K), 9 survivors (9216K)
 Metaspace       used 137787K, committed 140160K, reserved 1179648K
  class space    used 19284K, committed 20480K, reserved 1048576K
}
Event: 129.956 GC heap before
{Heap before GC invocations=63 (full 0):
 garbage-first heap   total 258048K, used 232971K [0x0000000080000000, 0x0000000100000000)
  region size 1024K, 70 young (71680K), 9 survivors (9216K)
 Metaspace       used 142039K, committed 144512K, reserved 1179648K
  class space    used 20062K, committed 21312K, reserved 1048576K
}
Event: 129.969 GC heap after
{Heap after GC invocations=64 (full 0):
 garbage-first heap   total 258048K, used 176359K [0x0000000080000000, 0x0000000100000000)
  region size 1024K, 5 young (5120K), 5 survivors (5120K)
 Metaspace       used 142039K, committed 144512K, reserved 1179648K
  class space    used 20062K, committed 21312K, reserved 1048576K
}
Event: 130.984 GC heap before
{Heap before GC invocations=64 (full 0):
 garbage-first heap   total 295936K, used 235751K [0x0000000080000000, 0x0000000100000000)
  region size 1024K, 64 young (65536K), 5 survivors (5120K)
 Metaspace       used 143455K, committed 145920K, reserved 1179648K
  class space    used 20229K, committed 21440K, reserved 1048576K
}
Event: 131.002 GC heap after
{Heap after GC invocations=65 (full 0):
 garbage-first heap   total 295936K, used 177234K [0x0000000080000000, 0x0000000100000000)
  region size 1024K, 6 young (6144K), 6 survivors (6144K)
 Metaspace       used 143455K, committed 145920K, reserved 1179648K
  class space    used 20229K, committed 21440K, reserved 1048576K
}
Event: 131.316 GC heap before
{Heap before GC invocations=66 (full 0):
 garbage-first heap   total 295936K, used 265298K [0x0000000080000000, 0x0000000100000000)
  region size 1024K, 93 young (95232K), 6 survivors (6144K)
 Metaspace       used 145025K, committed 147392K, reserved 1179648K
  class space    used 20506K, committed 21696K, reserved 1048576K
}
Event: 131.332 GC heap after
{Heap after GC invocations=67 (full 0):
 garbage-first heap   total 295936K, used 182806K [0x0000000080000000, 0x0000000100000000)
  region size 1024K, 11 young (11264K), 11 survivors (11264K)
 Metaspace       used 145025K, committed 147392K, reserved 1179648K
  class space    used 20506K, committed 21696K, reserved 1048576K
}
Event: 131.567 GC heap before
{Heap before GC invocations=67 (full 0):
 garbage-first heap   total 295936K, used 267798K [0x0000000080000000, 0x0000000100000000)
  region size 1024K, 95 young (97280K), 11 survivors (11264K)
 Metaspace       used 145556K, committed 147968K, reserved 1179648K
  class space    used 20528K, committed 21760K, reserved 1048576K
}

