# JRE version: OpenJDK Runtime Environment (21.0.6) (build 21.0.6+-13391695-b895.109)
# Java VM: OpenJDK 64-Bit Server VM (21.0.6+-13391695-b895.109, mixed mode, tiered, compressed oops, compressed class ptrs, g1 gc, windows-amd64)
GC Precious Log:
 CardTable entry size: 512
 Card Set container configuration: InlinePtr #cards 5 size 8 Array Of Cards #cards 12 size 40 Howl #buckets 4 coarsen threshold 1843 Howl Bitmap #cards 512 size 80 coarsen threshold 460 Card regions per heap region 1 cards per card region 2048
 CPUs: 12 total, 12 available
 Memory: 6005M
 Large Page Support: Disabled
 NUMA Support: Disabled
 Compressed Oops: Enabled (32-bit)
 Heap Region Size: 1M
 Heap Min Capacity: 8M
 Heap Initial Capacity: 94M
 Heap Max Capacity: 2G
 Pre-touch: Disabled
 Parallel Workers: 10
 Concurrent Workers: 3
 Concurrent Refinement Workers: 10
 Periodic GC: Disabled
Heap:
 garbage-first heap   total 189440K, used 121587K [0x0000000080000000, 0x0000000100000000)
  region size 1024K, 9 young (9216K), 6 survivors (6144K)
 Metaspace       used 118098K, committed 120320K, reserved 1179648K
  class space    used 15895K, committed 17024K, reserved 1048576K
GC Heap History (20 events):
Event: 40.638 GC heap before
{Heap before GC invocations=39 (full 0):
 garbage-first heap   total 147456K, used 103967K [0x0000000080000000, 0x0000000100000000)
  region size 1024K, 15 young (15360K), 2 survivors (2048K)
 Metaspace       used 96640K, committed 98624K, reserved 1179648K
  class space    used 12897K, committed 13888K, reserved 1048576K
}
Event: 40.642 GC heap after
{Heap after GC invocations=40 (full 0):
 garbage-first heap   total 147456K, used 92111K [0x0000000080000000, 0x0000000100000000)
  region size 1024K, 3 young (3072K), 3 survivors (3072K)
 Metaspace       used 96640K, committed 98624K, reserved 1179648K
  class space    used 12897K, committed 13888K, reserved 1048576K
}
Event: 41.985 GC heap before
{Heap before GC invocations=41 (full 0):
 garbage-first heap   total 157696K, used 135119K [0x0000000080000000, 0x0000000100000000)
  region size 1024K, 44 young (45056K), 3 survivors (3072K)
 Metaspace       used 99920K, committed 101952K, reserved 1179648K
  class space    used 13488K, committed 14528K, reserved 1048576K
}
Event: 41.989 GC heap after
{Heap after GC invocations=42 (full 0):
 garbage-first heap   total 157696K, used 93059K [0x0000000080000000, 0x0000000100000000)
  region size 1024K, 4 young (4096K), 4 survivors (4096K)
 Metaspace       used 99920K, committed 101952K, reserved 1179648K
  class space    used 13488K, committed 14528K, reserved 1048576K
}
Event: 43.787 GC heap before
{Heap before GC invocations=42 (full 0):
 garbage-first heap   total 157696K, used 143235K [0x0000000080000000, 0x0000000100000000)
  region size 1024K, 53 young (54272K), 4 survivors (4096K)
 Metaspace       used 103491K, committed 105664K, reserved 1179648K
  class space    used 14000K, committed 15104K, reserved 1048576K
}
Event: 43.794 GC heap after
{Heap after GC invocations=43 (full 0):
 garbage-first heap   total 157696K, used 95172K [0x0000000080000000, 0x0000000100000000)
  region size 1024K, 6 young (6144K), 6 survivors (6144K)
 Metaspace       used 103491K, committed 105664K, reserved 1179648K
  class space    used 14000K, committed 15104K, reserved 1048576K
}
Event: 45.037 GC heap before
{Heap before GC invocations=43 (full 0):
 garbage-first heap   total 157696K, used 141252K [0x0000000080000000, 0x0000000100000000)
  region size 1024K, 51 young (52224K), 6 survivors (6144K)
 Metaspace       used 107106K, committed 109248K, reserved 1179648K
  class space    used 14516K, committed 15616K, reserved 1048576K
}
Event: 45.045 GC heap after
{Heap after GC invocations=44 (full 0):
 garbage-first heap   total 157696K, used 97791K [0x0000000080000000, 0x0000000100000000)
  region size 1024K, 7 young (7168K), 7 survivors (7168K)
 Metaspace       used 107106K, committed 109248K, reserved 1179648K
  class space    used 14516K, committed 15616K, reserved 1048576K
}
Event: 46.498 GC heap before
{Heap before GC invocations=45 (full 0):
 garbage-first heap   total 165888K, used 139775K [0x0000000080000000, 0x0000000100000000)
  region size 1024K, 48 young (49152K), 7 survivors (7168K)
 Metaspace       used 111086K, committed 113280K, reserved 1179648K
  class space    used 15094K, committed 16192K, reserved 1048576K
}
Event: 46.505 GC heap after
{Heap after GC invocations=46 (full 0):
 garbage-first heap   total 165888K, used 100064K [0x0000000080000000, 0x0000000100000000)
  region size 1024K, 5 young (5120K), 5 survivors (5120K)
 Metaspace       used 111086K, committed 113280K, reserved 1179648K
  class space    used 15094K, committed 16192K, reserved 1048576K
}
Event: 47.747 GC heap before
{Heap before GC invocations=46 (full 0):
 garbage-first heap   total 165888K, used 150240K [0x0000000080000000, 0x0000000100000000)
  region size 1024K, 55 young (56320K), 5 survivors (5120K)
 Metaspace       used 114100K, committed 116352K, reserved 1179648K
  class space    used 15435K, committed 16576K, reserved 1048576K
}
Event: 47.756 GC heap after
{Heap after GC invocations=47 (full 0):
 garbage-first heap   total 165888K, used 105370K [0x0000000080000000, 0x0000000100000000)
  region size 1024K, 7 young (7168K), 7 survivors (7168K)
 Metaspace       used 114100K, committed 116352K, reserved 1179648K
  class space    used 15435K, committed 16576K, reserved 1048576K
}
Event: 47.879 GC heap before
{Heap before GC invocations=47 (full 0):
 garbage-first heap   total 165888K, used 107418K [0x0000000080000000, 0x0000000100000000)
  region size 1024K, 11 young (11264K), 7 survivors (7168K)
 Metaspace       used 114336K, committed 116544K, reserved 1179648K
  class space    used 15460K, committed 16576K, reserved 1048576K
}
Event: 47.886 GC heap after
{Heap after GC invocations=48 (full 0):
 garbage-first heap   total 165888K, used 106885K [0x0000000080000000, 0x0000000100000000)
  region size 1024K, 2 young (2048K), 2 survivors (2048K)
 Metaspace       used 114336K, committed 116544K, reserved 1179648K
  class space    used 15460K, committed 16576K, reserved 1048576K
}
Event: 50.240 GC heap before
{Heap before GC invocations=49 (full 0):
 garbage-first heap   total 189440K, used 156037K [0x0000000080000000, 0x0000000100000000)
  region size 1024K, 46 young (47104K), 2 survivors (2048K)
 Metaspace       used 117563K, committed 119808K, reserved 1179648K
  class space    used 15815K, committed 16960K, reserved 1048576K
}
Event: 50.248 GC heap after
{Heap after GC invocations=50 (full 0):
 garbage-first heap   total 189440K, used 113587K [0x0000000080000000, 0x0000000100000000)
  region size 1024K, 6 young (6144K), 6 survivors (6144K)
 Metaspace       used 117563K, committed 119808K, reserved 1179648K
  class space    used 15815K, committed 16960K, reserved 1048576K
}
Event: 51.140 GC heap before
{Heap before GC invocations=50 (full 0):
 garbage-first heap   total 189440K, used 171955K [0x0000000080000000, 0x0000000100000000)
  region size 1024K, 64 young (65536K), 6 survivors (6144K)
 Metaspace       used 117749K, committed 120000K, reserved 1179648K
  class space    used 15822K, committed 16960K, reserved 1048576K
}
Event: 51.151 GC heap after
{Heap after GC invocations=51 (full 0):
 garbage-first heap   total 189440K, used 117531K [0x0000000080000000, 0x0000000100000000)
  region size 1024K, 5 young (5120K), 5 survivors (5120K)
 Metaspace       used 117749K, committed 120000K, reserved 1179648K
  class space    used 15822K, committed 16960K, reserved 1048576K
}
Event: 51.724 GC heap before
{Heap before GC invocations=51 (full 0):
 garbage-first heap   total 189440K, used 146203K [0x0000000080000000, 0x0000000100000000)
  region size 1024K, 35 young (35840K), 5 survivors (5120K)
 Metaspace       used 118082K, committed 120320K, reserved 1179648K
  class space    used 15895K, committed 17024K, reserved 1048576K
}
Event: 51.730 GC heap after
{Heap after GC invocations=52 (full 0):
 garbage-first heap   total 189440K, used 118515K [0x0000000080000000, 0x0000000100000000)
  region size 1024K, 6 young (6144K), 6 survivors (6144K)
 Metaspace       used 118082K, committed 120320K, reserved 1179648K
  class space    used 15895K, committed 17024K, reserved 1048576K
}

