# JRE version: Java(TM) SE Runtime Environment (23.0.2+7) (build 23.0.2+7-58)
# Java VM: Java HotSpot(TM) 64-Bit Server VM (23.0.2+7-58, mixed mode, sharing, tiered, compressed oops, compressed class ptrs, g1 gc, windows-amd64)
GC Precious Log:
 CardTable entry size: 512
 Card Set container configuration: InlinePtr #cards 5 size 8 Array Of Cards #cards 10 size 36 Howl #buckets 4 coarsen threshold 1843 Howl Bitmap #cards 512 size 80 coarsen threshold 460 Card regions per heap region 1 cards per card region 2048
 CPUs: 12 total, 12 available
 Memory: 6005M
 Large Page Support: Disabled
 NUMA Support: Disabled
 Compressed Oops: Enabled (32-bit)
 Heap Region Size: 1M
 Heap Min Capacity: 8M
 Heap Initial Capacity: 94M
 Heap Max Capacity: 2G
 Pre-touch: Disabled
 Parallel Workers: 10
 Concurrent Workers: 3
 Concurrent Refinement Workers: 10
 Periodic GC: Disabled
Heap:
 garbage-first heap   total reserved 2097152K, committed 301056K, used 180534K [0x0000000080000000, 0x0000000100000000)
  region size 1024K, 7 young (7168K), 7 survivors (7168K)
 Metaspace       used 128895K, committed 131328K, reserved 1179648K
  class space    used 19433K, committed 20608K, reserved 1048576K
GC Heap History (20 events):
Event: 40.313 GC heap after
{Heap after GC invocations=58 (full 0):
 garbage-first heap   total reserved 2097152K, committed 215040K, used 139822K [0x0000000080000000, 0x0000000100000000)
  region size 1024K, 6 young (6144K), 6 survivors (6144K)
 Metaspace       used 102802K, committed 105088K, reserved 1179648K
  class space    used 14801K, committed 15872K, reserved 1048576K
}
Event: 40.758 GC heap before
{Heap before GC invocations=59 (full 0):
 garbage-first heap   total reserved 2097152K, committed 234496K, used 195118K [0x0000000080000000, 0x0000000100000000)
  region size 1024K, 61 young (62464K), 6 survivors (6144K)
 Metaspace       used 102901K, committed 105216K, reserved 1179648K
  class space    used 14815K, committed 15872K, reserved 1048576K
}
Event: 40.763 GC heap after
{Heap after GC invocations=60 (full 0):
 garbage-first heap   total reserved 2097152K, committed 234496K, used 141002K [0x0000000080000000, 0x0000000100000000)
  region size 1024K, 4 young (4096K), 4 survivors (4096K)
 Metaspace       used 102901K, committed 105216K, reserved 1179648K
  class space    used 14815K, committed 15872K, reserved 1048576K
}
Event: 207.280 GC heap before
{Heap before GC invocations=60 (full 0):
 garbage-first heap   total reserved 2097152K, committed 234496K, used 209610K [0x0000000080000000, 0x0000000100000000)
  region size 1024K, 72 young (73728K), 4 survivors (4096K)
 Metaspace       used 106674K, committed 109056K, reserved 1179648K
  class space    used 15292K, committed 16384K, reserved 1048576K
}
Event: 207.617 GC heap after
{Heap after GC invocations=61 (full 0):
 garbage-first heap   total reserved 2097152K, committed 234496K, used 144372K [0x0000000080000000, 0x0000000100000000)
  region size 1024K, 8 young (8192K), 8 survivors (8192K)
 Metaspace       used 106674K, committed 109056K, reserved 1179648K
  class space    used 15292K, committed 16384K, reserved 1048576K
}
Event: 211.091 GC heap before
{Heap before GC invocations=61 (full 0):
 garbage-first heap   total reserved 2097152K, committed 234496K, used 170996K [0x0000000080000000, 0x0000000100000000)
  region size 1024K, 36 young (36864K), 8 survivors (8192K)
 Metaspace       used 106783K, committed 109120K, reserved 1179648K
  class space    used 15303K, committed 16384K, reserved 1048576K
}
Event: 211.392 GC heap after
{Heap after GC invocations=62 (full 0):
 garbage-first heap   total reserved 2097152K, committed 234496K, used 146475K [0x0000000080000000, 0x0000000100000000)
  region size 1024K, 4 young (4096K), 4 survivors (4096K)
 Metaspace       used 106783K, committed 109120K, reserved 1179648K
  class space    used 15303K, committed 16384K, reserved 1048576K
}
Event: 214.173 GC heap before
{Heap before GC invocations=63 (full 0):
 garbage-first heap   total reserved 2097152K, committed 252928K, used 217131K [0x0000000080000000, 0x0000000100000000)
  region size 1024K, 70 young (71680K), 4 survivors (4096K)
 Metaspace       used 111006K, committed 113408K, reserved 1179648K
  class space    used 16037K, committed 17216K, reserved 1048576K
}
Event: 214.185 GC heap after
{Heap after GC invocations=64 (full 0):
 garbage-first heap   total reserved 2097152K, committed 252928K, used 152505K [0x0000000080000000, 0x0000000100000000)
  region size 1024K, 9 young (9216K), 9 survivors (9216K)
 Metaspace       used 111006K, committed 113408K, reserved 1179648K
  class space    used 16037K, committed 17216K, reserved 1048576K
}
Event: 215.286 GC heap before
{Heap before GC invocations=64 (full 0):
 garbage-first heap   total reserved 2097152K, committed 252928K, used 227257K [0x0000000080000000, 0x0000000100000000)
  region size 1024K, 83 young (84992K), 9 survivors (9216K)
 Metaspace       used 116126K, committed 118528K, reserved 1179648K
  class space    used 16954K, committed 18112K, reserved 1048576K
}
Event: 215.324 GC heap after
{Heap after GC invocations=65 (full 0):
 garbage-first heap   total reserved 2097152K, committed 252928K, used 164183K [0x0000000080000000, 0x0000000100000000)
  region size 1024K, 11 young (11264K), 11 survivors (11264K)
 Metaspace       used 116126K, committed 118528K, reserved 1179648K
  class space    used 16954K, committed 18112K, reserved 1048576K
}
Event: 216.150 GC heap before
{Heap before GC invocations=65 (full 0):
 garbage-first heap   total reserved 2097152K, committed 252928K, used 226647K [0x0000000080000000, 0x0000000100000000)
  region size 1024K, 73 young (74752K), 11 survivors (11264K)
 Metaspace       used 121423K, committed 123840K, reserved 1179648K
  class space    used 18151K, committed 19328K, reserved 1048576K
}
Event: 216.168 GC heap after
{Heap after GC invocations=66 (full 0):
 garbage-first heap   total reserved 2097152K, committed 252928K, used 171008K [0x0000000080000000, 0x0000000100000000)
  region size 1024K, 7 young (7168K), 7 survivors (7168K)
 Metaspace       used 121423K, committed 123840K, reserved 1179648K
  class space    used 18151K, committed 19328K, reserved 1048576K
}
Event: 216.870 GC heap before
{Heap before GC invocations=66 (full 0):
 garbage-first heap   total reserved 2097152K, committed 252928K, used 230400K [0x0000000080000000, 0x0000000100000000)
  region size 1024K, 66 young (67584K), 7 survivors (7168K)
 Metaspace       used 125382K, committed 127872K, reserved 1179648K
  class space    used 18898K, committed 20096K, reserved 1048576K
}
Event: 216.895 GC heap after
{Heap after GC invocations=67 (full 0):
 garbage-first heap   total reserved 2097152K, committed 252928K, used 176478K [0x0000000080000000, 0x0000000100000000)
  region size 1024K, 7 young (7168K), 7 survivors (7168K)
 Metaspace       used 125382K, committed 127872K, reserved 1179648K
  class space    used 18898K, committed 20096K, reserved 1048576K
}
Event: 217.342 GC heap before
{Heap before GC invocations=67 (full 0):
 garbage-first heap   total reserved 2097152K, committed 252928K, used 230750K [0x0000000080000000, 0x0000000100000000)
  region size 1024K, 61 young (62464K), 7 survivors (7168K)
 Metaspace       used 127316K, committed 129792K, reserved 1179648K
  class space    used 19180K, committed 20352K, reserved 1048576K
}
Event: 217.357 GC heap after
{Heap after GC invocations=68 (full 0):
 garbage-first heap   total reserved 2097152K, committed 252928K, used 179635K [0x0000000080000000, 0x0000000100000000)
  region size 1024K, 4 young (4096K), 4 survivors (4096K)
 Metaspace       used 127316K, committed 129792K, reserved 1179648K
  class space    used 19180K, committed 20352K, reserved 1048576K
}
Event: 218.854 GC heap before
{Heap before GC invocations=69 (full 0):
 garbage-first heap   total reserved 2097152K, committed 301056K, used 231859K [0x0000000080000000, 0x0000000100000000)
  region size 1024K, 55 young (56320K), 4 survivors (4096K)
 Metaspace       used 127734K, committed 130176K, reserved 1179648K
  class space    used 19245K, committed 20416K, reserved 1048576K
}
Event: 218.864 GC heap after
{Heap after GC invocations=70 (full 0):
 garbage-first heap   total reserved 2097152K, committed 301056K, used 181624K [0x0000000080000000, 0x0000000100000000)
  region size 1024K, 6 young (6144K), 6 survivors (6144K)
 Metaspace       used 127734K, committed 130176K, reserved 1179648K
  class space    used 19245K, committed 20416K, reserved 1048576K
}
Event: 219.425 GC heap before
{Heap before GC invocations=70 (full 0):
 garbage-first heap   total reserved 2097152K, committed 301056K, used 269688K [0x0000000080000000, 0x0000000100000000)
  region size 1024K, 93 young (95232K), 6 survivors (6144K)
 Metaspace       used 128895K, committed 131328K, reserved 1179648K
  class space    used 19433K, committed 20608K, reserved 1048576K
}

