# JRE version: Java(TM) SE Runtime Environment (23.0.2+7) (build 23.0.2+7-58)
# Java VM: Java HotSpot(TM) 64-Bit Server VM (23.0.2+7-58, mixed mode, sharing, tiered, compressed oops, compressed class ptrs, g1 gc, windows-amd64)
GC Precious Log:
 CardTable entry size: 512
 Card Set container configuration: InlinePtr #cards 5 size 8 Array Of Cards #cards 10 size 36 Howl #buckets 4 coarsen threshold 1843 Howl Bitmap #cards 512 size 80 coarsen threshold 460 Card regions per heap region 1 cards per card region 2048
 CPUs: 12 total, 12 available
 Memory: 6005M
 Large Page Support: Disabled
 NUMA Support: Disabled
 Compressed Oops: Enabled (32-bit)
 Heap Region Size: 1M
 Heap Min Capacity: 8M
 Heap Initial Capacity: 94M
 Heap Max Capacity: 2G
 Pre-touch: Disabled
 Parallel Workers: 10
 Concurrent Workers: 3
 Concurrent Refinement Workers: 10
 Periodic GC: Disabled
Heap:
 garbage-first heap   total reserved 2097152K, committed 196608K, used 140725K [0x0000000080000000, 0x0000000100000000)
  region size 1024K, 27 young (27648K), 7 survivors (7168K)
 Metaspace       used 100895K, committed 103168K, reserved 1179648K
  class space    used 14577K, committed 15680K, reserved 1048576K
GC Heap History (20 events):
Event: 35.770 GC heap before
{Heap before GC invocations=44 (full 0):
 garbage-first heap   total reserved 2097152K, committed 162816K, used 146654K [0x0000000080000000, 0x0000000100000000)
  region size 1024K, 54 young (55296K), 5 survivors (5120K)
 Metaspace       used 90019K, committed 92288K, reserved 1179648K
  class space    used 13122K, committed 14208K, reserved 1048576K
}
Event: 35.775 GC heap after
{Heap after GC invocations=45 (full 0):
 garbage-first heap   total reserved 2097152K, committed 162816K, used 99038K [0x0000000080000000, 0x0000000100000000)
  region size 1024K, 7 young (7168K), 7 survivors (7168K)
 Metaspace       used 90019K, committed 92288K, reserved 1179648K
  class space    used 13122K, committed 14208K, reserved 1048576K
}
Event: 38.809 GC heap before
{Heap before GC invocations=46 (full 0):
 garbage-first heap   total reserved 2097152K, committed 167936K, used 145118K [0x0000000080000000, 0x0000000100000000)
  region size 1024K, 52 young (53248K), 7 survivors (7168K)
 Metaspace       used 93007K, committed 95232K, reserved 1179648K
  class space    used 13600K, committed 14656K, reserved 1048576K
}
Event: 38.816 GC heap after
{Heap after GC invocations=47 (full 0):
 garbage-first heap   total reserved 2097152K, committed 167936K, used 101580K [0x0000000080000000, 0x0000000100000000)
  region size 1024K, 6 young (6144K), 6 survivors (6144K)
 Metaspace       used 93007K, committed 95232K, reserved 1179648K
  class space    used 13600K, committed 14656K, reserved 1048576K
}
Event: 40.758 GC heap before
{Heap before GC invocations=47 (full 0):
 garbage-first heap   total reserved 2097152K, committed 167936K, used 151756K [0x0000000080000000, 0x0000000100000000)
  region size 1024K, 55 young (56320K), 6 survivors (6144K)
 Metaspace       used 96159K, committed 98368K, reserved 1179648K
  class space    used 14107K, committed 15168K, reserved 1048576K
}
Event: 40.767 GC heap after
{Heap after GC invocations=48 (full 0):
 garbage-first heap   total reserved 2097152K, committed 167936K, used 105899K [0x0000000080000000, 0x0000000100000000)
  region size 1024K, 7 young (7168K), 7 survivors (7168K)
 Metaspace       used 96159K, committed 98368K, reserved 1179648K
  class space    used 14107K, committed 15168K, reserved 1048576K
}
Event: 43.583 GC heap before
{Heap before GC invocations=48 (full 0):
 garbage-first heap   total reserved 2097152K, committed 167936K, used 150955K [0x0000000080000000, 0x0000000100000000)
  region size 1024K, 51 young (52224K), 7 survivors (7168K)
 Metaspace       used 96498K, committed 98752K, reserved 1179648K
  class space    used 14116K, committed 15168K, reserved 1048576K
}
Event: 43.592 GC heap after
{Heap after GC invocations=49 (full 0):
 garbage-first heap   total reserved 2097152K, committed 167936K, used 113664K [0x0000000080000000, 0x0000000100000000)
  region size 1024K, 7 young (7168K), 7 survivors (7168K)
 Metaspace       used 96498K, committed 98752K, reserved 1179648K
  class space    used 14116K, committed 15168K, reserved 1048576K
}
Event: 43.828 GC heap before
{Heap before GC invocations=50 (full 0):
 garbage-first heap   total reserved 2097152K, committed 189440K, used 150528K [0x0000000080000000, 0x0000000100000000)
  region size 1024K, 43 young (44032K), 7 survivors (7168K)
 Metaspace       used 96500K, committed 98752K, reserved 1179648K
  class space    used 14117K, committed 15168K, reserved 1048576K
}
Event: 43.832 GC heap after
{Heap after GC invocations=51 (full 0):
 garbage-first heap   total reserved 2097152K, committed 189440K, used 115481K [0x0000000080000000, 0x0000000100000000)
  region size 1024K, 4 young (4096K), 4 survivors (4096K)
 Metaspace       used 96500K, committed 98752K, reserved 1179648K
  class space    used 14117K, committed 15168K, reserved 1048576K
}
Event: 44.221 GC heap before
{Heap before GC invocations=51 (full 0):
 garbage-first heap   total reserved 2097152K, committed 189440K, used 170777K [0x0000000080000000, 0x0000000100000000)
  region size 1024K, 58 young (59392K), 4 survivors (4096K)
 Metaspace       used 96532K, committed 98816K, reserved 1179648K
  class space    used 14117K, committed 15168K, reserved 1048576K
}
Event: 44.226 GC heap after
{Heap after GC invocations=52 (full 0):
 garbage-first heap   total reserved 2097152K, committed 189440K, used 114694K [0x0000000080000000, 0x0000000100000000)
  region size 1024K, 5 young (5120K), 5 survivors (5120K)
 Metaspace       used 96532K, committed 98816K, reserved 1179648K
  class space    used 14117K, committed 15168K, reserved 1048576K
}
Event: 44.526 GC heap before
{Heap before GC invocations=52 (full 0):
 garbage-first heap   total reserved 2097152K, committed 189440K, used 148486K [0x0000000080000000, 0x0000000100000000)
  region size 1024K, 39 young (39936K), 5 survivors (5120K)
 Metaspace       used 96829K, committed 99072K, reserved 1179648K
  class space    used 14191K, committed 15232K, reserved 1048576K
}
Event: 44.531 GC heap after
{Heap after GC invocations=53 (full 0):
 garbage-first heap   total reserved 2097152K, committed 189440K, used 115660K [0x0000000080000000, 0x0000000100000000)
  region size 1024K, 6 young (6144K), 6 survivors (6144K)
 Metaspace       used 96829K, committed 99072K, reserved 1179648K
  class space    used 14191K, committed 15232K, reserved 1048576K
}
Event: 44.977 GC heap before
{Heap before GC invocations=54 (full 0):
 garbage-first heap   total reserved 2097152K, committed 196608K, used 171980K [0x0000000080000000, 0x0000000100000000)
  region size 1024K, 60 young (61440K), 6 survivors (6144K)
 Metaspace       used 97026K, committed 99264K, reserved 1179648K
  class space    used 14217K, committed 15232K, reserved 1048576K
}
Event: 44.983 GC heap after
{Heap after GC invocations=55 (full 0):
 garbage-first heap   total reserved 2097152K, committed 196608K, used 118480K [0x0000000080000000, 0x0000000100000000)
  region size 1024K, 6 young (6144K), 6 survivors (6144K)
 Metaspace       used 97026K, committed 99264K, reserved 1179648K
  class space    used 14217K, committed 15232K, reserved 1048576K
}
Event: 45.719 GC heap before
{Heap before GC invocations=55 (full 0):
 garbage-first heap   total reserved 2097152K, committed 196608K, used 181968K [0x0000000080000000, 0x0000000100000000)
  region size 1024K, 64 young (65536K), 6 survivors (6144K)
 Metaspace       used 99502K, committed 101824K, reserved 1179648K
  class space    used 14389K, committed 15488K, reserved 1048576K
}
Event: 45.727 GC heap after
{Heap after GC invocations=56 (full 0):
 garbage-first heap   total reserved 2097152K, committed 196608K, used 118819K [0x0000000080000000, 0x0000000100000000)
  region size 1024K, 5 young (5120K), 5 survivors (5120K)
 Metaspace       used 99502K, committed 101824K, reserved 1179648K
  class space    used 14389K, committed 15488K, reserved 1048576K
}
Event: 46.328 GC heap before
{Heap before GC invocations=56 (full 0):
 garbage-first heap   total reserved 2097152K, committed 196608K, used 176163K [0x0000000080000000, 0x0000000100000000)
  region size 1024K, 62 young (63488K), 5 survivors (5120K)
 Metaspace       used 100894K, committed 103168K, reserved 1179648K
  class space    used 14576K, committed 15680K, reserved 1048576K
}
Event: 46.335 GC heap after
{Heap after GC invocations=57 (full 0):
 garbage-first heap   total reserved 2097152K, committed 196608K, used 122293K [0x0000000080000000, 0x0000000100000000)
  region size 1024K, 7 young (7168K), 7 survivors (7168K)
 Metaspace       used 100894K, committed 103168K, reserved 1179648K
  class space    used 14576K, committed 15680K, reserved 1048576K
}

