# JRE version: Java(TM) SE Runtime Environment (23.0.2+7) (build 23.0.2+7-58)
# Java VM: Java HotSpot(TM) 64-Bit Server VM (23.0.2+7-58, mixed mode, sharing, tiered, compressed oops, compressed class ptrs, g1 gc, windows-amd64)
GC Precious Log:
 CardTable entry size: 512
 Card Set container configuration: InlinePtr #cards 5 size 8 Array Of Cards #cards 10 size 36 Howl #buckets 4 coarsen threshold 1843 Howl Bitmap #cards 512 size 80 coarsen threshold 460 Card regions per heap region 1 cards per card region 2048
 CPUs: 12 total, 12 available
 Memory: 6005M
 Large Page Support: Disabled
 NUMA Support: Disabled
 Compressed Oops: Enabled (32-bit)
 Heap Region Size: 1M
 Heap Min Capacity: 8M
 Heap Initial Capacity: 94M
 Heap Max Capacity: 2G
 Pre-touch: Disabled
 Parallel Workers: 10
 Concurrent Workers: 3
 Concurrent Refinement Workers: 10
 Periodic GC: Disabled
Heap:
 garbage-first heap   total reserved 2097152K, committed 299008K, used 181936K [0x0000000080000000, 0x0000000100000000)
  region size 1024K, 8 young (8192K), 8 survivors (8192K)
 Metaspace       used 129706K, committed 132160K, reserved 1179648K
  class space    used 19568K, committed 20736K, reserved 1048576K
GC Heap History (20 events):
Event: 125.010 GC heap after
{Heap after GC invocations=59 (full 0):
 garbage-first heap   total reserved 2097152K, committed 270336K, used 141085K [0x0000000080000000, 0x0000000100000000)
  region size 1024K, 8 young (8192K), 8 survivors (8192K)
 Metaspace       used 106658K, committed 108992K, reserved 1179648K
  class space    used 15269K, committed 16384K, reserved 1048576K
}
Event: 129.551 GC heap before
{Heap before GC invocations=59 (full 0):
 garbage-first heap   total reserved 2097152K, committed 270336K, used 171805K [0x0000000080000000, 0x0000000100000000)
  region size 1024K, 40 young (40960K), 8 survivors (8192K)
 Metaspace       used 106769K, committed 109056K, reserved 1179648K
  class space    used 15280K, committed 16384K, reserved 1048576K
}
Event: 129.657 GC heap after
{Heap after GC invocations=60 (full 0):
 garbage-first heap   total reserved 2097152K, committed 270336K, used 142415K [0x0000000080000000, 0x0000000100000000)
  region size 1024K, 8 young (8192K), 8 survivors (8192K)
 Metaspace       used 106769K, committed 109056K, reserved 1179648K
  class space    used 15280K, committed 16384K, reserved 1048576K
}
Event: 133.503 GC heap before
{Heap before GC invocations=61 (full 0):
 garbage-first heap   total reserved 2097152K, committed 270336K, used 236623K [0x0000000080000000, 0x0000000100000000)
  region size 1024K, 97 young (99328K), 8 survivors (8192K)
 Metaspace       used 112247K, committed 114560K, reserved 1179648K
  class space    used 16205K, committed 17280K, reserved 1048576K
}
Event: 133.545 GC heap after
{Heap after GC invocations=62 (full 0):
 garbage-first heap   total reserved 2097152K, committed 270336K, used 153489K [0x0000000080000000, 0x0000000100000000)
  region size 1024K, 13 young (13312K), 13 survivors (13312K)
 Metaspace       used 112247K, committed 114560K, reserved 1179648K
  class space    used 16205K, committed 17280K, reserved 1048576K
}
Event: 133.560 GC heap before
{Heap before GC invocations=62 (full 0):
 garbage-first heap   total reserved 2097152K, committed 270336K, used 159633K [0x0000000080000000, 0x0000000100000000)
  region size 1024K, 19 young (19456K), 13 survivors (13312K)
 Metaspace       used 112305K, committed 114624K, reserved 1179648K
  class space    used 16206K, committed 17280K, reserved 1048576K
}
Event: 133.577 GC heap after
{Heap after GC invocations=63 (full 0):
 garbage-first heap   total reserved 2097152K, committed 270336K, used 156660K [0x0000000080000000, 0x0000000100000000)
  region size 1024K, 3 young (3072K), 3 survivors (3072K)
 Metaspace       used 112305K, committed 114624K, reserved 1179648K
  class space    used 16206K, committed 17280K, reserved 1048576K
}
Event: 135.309 GC heap before
{Heap before GC invocations=63 (full 0):
 garbage-first heap   total reserved 2097152K, committed 270336K, used 229364K [0x0000000080000000, 0x0000000100000000)
  region size 1024K, 75 young (76800K), 3 survivors (3072K)
 Metaspace       used 117979K, committed 120256K, reserved 1179648K
  class space    used 17233K, committed 18304K, reserved 1048576K
}
Event: 135.323 GC heap after
{Heap after GC invocations=64 (full 0):
 garbage-first heap   total reserved 2097152K, committed 270336K, used 164864K [0x0000000080000000, 0x0000000100000000)
  region size 1024K, 10 young (10240K), 10 survivors (10240K)
 Metaspace       used 117979K, committed 120256K, reserved 1179648K
  class space    used 17233K, committed 18304K, reserved 1048576K
}
Event: 136.088 GC heap before
{Heap before GC invocations=64 (full 0):
 garbage-first heap   total reserved 2097152K, committed 270336K, used 233472K [0x0000000080000000, 0x0000000100000000)
  region size 1024K, 78 young (79872K), 10 survivors (10240K)
 Metaspace       used 121870K, committed 124224K, reserved 1179648K
  class space    used 18213K, committed 19328K, reserved 1048576K
}
Event: 136.110 GC heap after
{Heap after GC invocations=65 (full 0):
 garbage-first heap   total reserved 2097152K, committed 270336K, used 173643K [0x0000000080000000, 0x0000000100000000)
  region size 1024K, 9 young (9216K), 9 survivors (9216K)
 Metaspace       used 121870K, committed 124224K, reserved 1179648K
  class space    used 18213K, committed 19328K, reserved 1048576K
}
Event: 136.825 GC heap before
{Heap before GC invocations=65 (full 0):
 garbage-first heap   total reserved 2097152K, committed 270336K, used 243275K [0x0000000080000000, 0x0000000100000000)
  region size 1024K, 78 young (79872K), 9 survivors (9216K)
 Metaspace       used 126086K, committed 128576K, reserved 1179648K
  class space    used 19032K, committed 20224K, reserved 1048576K
}
Event: 136.838 GC heap after
{Heap after GC invocations=66 (full 0):
 garbage-first heap   total reserved 2097152K, committed 270336K, used 176946K [0x0000000080000000, 0x0000000100000000)
  region size 1024K, 4 young (4096K), 4 survivors (4096K)
 Metaspace       used 126086K, committed 128576K, reserved 1179648K
  class space    used 19032K, committed 20224K, reserved 1048576K
}
Event: 137.128 GC heap before
{Heap before GC invocations=66 (full 0):
 garbage-first heap   total reserved 2097152K, committed 270336K, used 247602K [0x0000000080000000, 0x0000000100000000)
  region size 1024K, 74 young (75776K), 4 survivors (4096K)
 Metaspace       used 127513K, committed 129984K, reserved 1179648K
  class space    used 19259K, committed 20416K, reserved 1048576K
}
Event: 137.137 GC heap after
{Heap after GC invocations=67 (full 0):
 garbage-first heap   total reserved 2097152K, committed 270336K, used 178959K [0x0000000080000000, 0x0000000100000000)
  region size 1024K, 6 young (6144K), 6 survivors (6144K)
 Metaspace       used 127513K, committed 129984K, reserved 1179648K
  class space    used 19259K, committed 20416K, reserved 1048576K
}
Event: 138.562 GC heap before
{Heap before GC invocations=68 (full 0):
 garbage-first heap   total reserved 2097152K, committed 299008K, used 246543K [0x0000000080000000, 0x0000000100000000)
  region size 1024K, 73 young (74752K), 6 survivors (6144K)
 Metaspace       used 127873K, committed 130368K, reserved 1179648K
  class space    used 19277K, committed 20480K, reserved 1048576K
}
Event: 138.582 GC heap after
{Heap after GC invocations=69 (full 0):
 garbage-first heap   total reserved 2097152K, committed 299008K, used 179451K [0x0000000080000000, 0x0000000100000000)
  region size 1024K, 5 young (5120K), 5 survivors (5120K)
 Metaspace       used 127873K, committed 130368K, reserved 1179648K
  class space    used 19277K, committed 20480K, reserved 1048576K
}
Event: 138.920 GC heap before
{Heap before GC invocations=69 (full 0):
 garbage-first heap   total reserved 2097152K, committed 299008K, used 268539K [0x0000000080000000, 0x0000000100000000)
  region size 1024K, 93 young (95232K), 5 survivors (5120K)
 Metaspace       used 128765K, committed 131200K, reserved 1179648K
  class space    used 19425K, committed 20608K, reserved 1048576K
}
Event: 138.932 GC heap after
{Heap after GC invocations=70 (full 0):
 garbage-first heap   total reserved 2097152K, committed 299008K, used 179699K [0x0000000080000000, 0x0000000100000000)
  region size 1024K, 8 young (8192K), 8 survivors (8192K)
 Metaspace       used 128765K, committed 131200K, reserved 1179648K
  class space    used 19425K, committed 20608K, reserved 1048576K
}
Event: 139.210 GC heap before
{Heap before GC invocations=70 (full 0):
 garbage-first heap   total reserved 2097152K, committed 299008K, used 262643K [0x0000000080000000, 0x0000000100000000)
  region size 1024K, 91 young (93184K), 8 survivors (8192K)
 Metaspace       used 129706K, committed 132160K, reserved 1179648K
  class space    used 19568K, committed 20736K, reserved 1048576K
}

